{"/home/travis/build/npmtest/node-npmtest-rabbit.js/test.js":{"path":"/home/travis/build/npmtest/node-npmtest-rabbit.js/test.js","s":{"1":2,"2":2,"3":2,"4":2,"5":2,"6":2,"7":2,"8":1,"9":2,"10":2,"11":1,"12":1,"13":1,"14":1,"15":2,"16":2,"17":2,"18":2,"19":1,"20":1,"21":2,"22":2,"23":2,"24":1,"25":1,"26":1,"27":1,"28":1,"29":1,"30":1,"31":1,"32":1,"33":1,"34":1,"35":1,"36":1,"37":1,"38":1,"39":2,"40":2,"41":1,"42":2,"43":2,"44":1,"45":2,"46":2,"47":1,"48":2,"49":2,"50":1,"51":1,"52":1,"53":1,"54":1},"b":{"1":[2,1,1,1],"2":[1,1,1,1],"3":[1,1],"4":[1,1],"5":[1,1],"6":[1,1],"7":[1,1],"8":[1,1],"9":[1,1],"10":[1,1,1],"11":[1,1],"12":[1,1],"13":[1,1],"14":[1,1],"15":[1,1],"16":[1,1],"17":[1,1]},"f":{"1":2,"2":2,"3":2,"4":2,"5":2,"6":1,"7":1,"8":1,"9":2,"10":2,"11":2,"12":2,"13":1},"fnMap":{"1":{"name":"(anonymous_1)","line":12,"loc":{"start":{"line":12,"column":1},"end":{"line":12,"column":13}}},"2":{"name":"(anonymous_2)","line":19,"loc":{"start":{"line":19,"column":5},"end":{"line":19,"column":17}}},"3":{"name":"(anonymous_3)","line":23,"loc":{"start":{"line":23,"column":24},"end":{"line":23,"column":36}}},"4":{"name":"(anonymous_4)","line":61,"loc":{"start":{"line":61,"column":5},"end":{"line":61,"column":17}}},"5":{"name":"(anonymous_5)","line":82,"loc":{"start":{"line":82,"column":5},"end":{"line":82,"column":17}}},"6":{"name":"(anonymous_6)","line":91,"loc":{"start":{"line":91,"column":77},"end":{"line":94,"column":10}}},"7":{"name":"(anonymous_7)","line":112,"loc":{"start":{"line":112,"column":83},"end":{"line":115,"column":10}},"skip":true},"8":{"name":"(anonymous_8)","line":123,"loc":{"start":{"line":123,"column":77},"end":{"line":126,"column":10}},"skip":true},"9":{"name":"(anonymous_9)","line":139,"loc":{"start":{"line":139,"column":12},"end":{"line":139,"column":40}},"skip":true},"10":{"name":"(anonymous_10)","line":147,"loc":{"start":{"line":147,"column":77},"end":{"line":150,"column":10}},"skip":true},"11":{"name":"(anonymous_11)","line":158,"loc":{"start":{"line":158,"column":83},"end":{"line":161,"column":10}},"skip":true},"12":{"name":"(anonymous_12)","line":169,"loc":{"start":{"line":169,"column":79},"end":{"line":172,"column":10}},"skip":true},"13":{"name":"(anonymous_13)","line":180,"loc":{"start":{"line":180,"column":75},"end":{"line":183,"column":10}},"skip":true}},"statementMap":{"1":{"start":{"line":12,"column":0},"end":{"line":195,"column":5}},"2":{"start":{"line":14,"column":4},"end":{"line":14,"column":14}},"3":{"start":{"line":19,"column":4},"end":{"line":56,"column":9}},"4":{"start":{"line":21,"column":8},"end":{"line":21,"column":19}},"5":{"start":{"line":23,"column":8},"end":{"line":35,"column":13}},"6":{"start":{"line":24,"column":12},"end":{"line":34,"column":13}},"7":{"start":{"line":25,"column":16},"end":{"line":28,"column":30}},"8":{"start":{"line":30,"column":16},"end":{"line":33,"column":27}},"9":{"start":{"line":37,"column":8},"end":{"line":39,"column":21}},"10":{"start":{"line":40,"column":8},"end":{"line":53,"column":9}},"11":{"start":{"line":43,"column":12},"end":{"line":46,"column":14}},"12":{"start":{"line":47,"column":12},"end":{"line":47,"column":18}},"13":{"start":{"line":50,"column":12},"end":{"line":51,"column":46}},"14":{"start":{"line":52,"column":12},"end":{"line":52,"column":18}},"15":{"start":{"line":55,"column":8},"end":{"line":55,"column":35}},"16":{"start":{"line":61,"column":4},"end":{"line":63,"column":9}},"17":{"start":{"line":62,"column":8},"end":{"line":62,"column":15}},"18":{"start":{"line":64,"column":4},"end":{"line":77,"column":5}},"19":{"start":{"line":70,"column":8},"end":{"line":70,"column":14}},"20":{"start":{"line":76,"column":8},"end":{"line":76,"column":14}},"21":{"start":{"line":82,"column":4},"end":{"line":84,"column":9}},"22":{"start":{"line":83,"column":8},"end":{"line":83,"column":15}},"23":{"start":{"line":85,"column":4},"end":{"line":194,"column":5}},"24":{"start":{"line":91,"column":8},"end":{"line":99,"column":10}},"25":{"start":{"line":98,"column":12},"end":{"line":98,"column":35}},"26":{"start":{"line":102,"column":8},"end":{"line":104,"column":63}},"27":{"start":{"line":105,"column":8},"end":{"line":105,"column":14}},"28":{"start":{"line":112,"column":8},"end":{"line":121,"column":10},"skip":true},"29":{"start":{"line":119,"column":12},"end":{"line":119,"column":55},"skip":true},"30":{"start":{"line":120,"column":12},"end":{"line":120,"column":48},"skip":true},"31":{"start":{"line":123,"column":8},"end":{"line":136,"column":10},"skip":true},"32":{"start":{"line":130,"column":12},"end":{"line":130,"column":76},"skip":true},"33":{"start":{"line":131,"column":12},"end":{"line":131,"column":73},"skip":true},"34":{"start":{"line":132,"column":12},"end":{"line":132,"column":74},"skip":true},"35":{"start":{"line":133,"column":12},"end":{"line":133,"column":79},"skip":true},"36":{"start":{"line":134,"column":12},"end":{"line":134,"column":25},"skip":true},"37":{"start":{"line":135,"column":12},"end":{"line":135,"column":45},"skip":true},"38":{"start":{"line":138,"column":8},"end":{"line":145,"column":14},"skip":true},"39":{"start":{"line":143,"column":16},"end":{"line":143,"column":29},"skip":true},"40":{"start":{"line":144,"column":16},"end":{"line":144,"column":55},"skip":true},"41":{"start":{"line":147,"column":8},"end":{"line":156,"column":10},"skip":true},"42":{"start":{"line":154,"column":12},"end":{"line":154,"column":25},"skip":true},"43":{"start":{"line":155,"column":12},"end":{"line":155,"column":45},"skip":true},"44":{"start":{"line":158,"column":8},"end":{"line":167,"column":10},"skip":true},"45":{"start":{"line":165,"column":12},"end":{"line":165,"column":25},"skip":true},"46":{"start":{"line":166,"column":12},"end":{"line":166,"column":48},"skip":true},"47":{"start":{"line":169,"column":8},"end":{"line":178,"column":10},"skip":true},"48":{"start":{"line":176,"column":12},"end":{"line":176,"column":25},"skip":true},"49":{"start":{"line":177,"column":12},"end":{"line":177,"column":46},"skip":true},"50":{"start":{"line":180,"column":8},"end":{"line":189,"column":10},"skip":true},"51":{"start":{"line":187,"column":12},"end":{"line":187,"column":94},"skip":true},"52":{"start":{"line":188,"column":12},"end":{"line":188,"column":48},"skip":true},"53":{"start":{"line":192,"column":8},"end":{"line":192,"column":35},"skip":true},"54":{"start":{"line":193,"column":8},"end":{"line":193,"column":14},"skip":true}},"branchMap":{"1":{"line":25,"type":"binary-expr","locations":[{"start":{"line":25,"column":23},"end":{"line":25,"column":62}},{"start":{"line":26,"column":20},"end":{"line":26,"column":70}},{"start":{"line":27,"column":20},"end":{"line":27,"column":71}},{"start":{"line":28,"column":20},"end":{"line":28,"column":29}}]},"2":{"line":30,"type":"binary-expr","locations":[{"start":{"line":30,"column":23},"end":{"line":30,"column":37}},{"start":{"line":31,"column":20},"end":{"line":31,"column":61}},{"start":{"line":32,"column":20},"end":{"line":32,"column":70}},{"start":{"line":33,"column":20},"end":{"line":33,"column":26}}]},"3":{"line":37,"type":"cond-expr","locations":[{"start":{"line":38,"column":14},"end":{"line":38,"column":20}},{"start":{"line":39,"column":14},"end":{"line":39,"column":20}}]},"4":{"line":40,"type":"switch","locations":[{"start":{"line":42,"column":8},"end":{"line":47,"column":18}},{"start":{"line":49,"column":8},"end":{"line":52,"column":18}}]},"5":{"line":44,"type":"binary-expr","locations":[{"start":{"line":44,"column":16},"end":{"line":44,"column":44}},{"start":{"line":44,"column":48},"end":{"line":44,"column":66}}]},"6":{"line":50,"type":"binary-expr","locations":[{"start":{"line":50,"column":21},"end":{"line":50,"column":49}},{"start":{"line":50,"column":53},"end":{"line":50,"column":72}}]},"7":{"line":64,"type":"switch","locations":[{"start":{"line":69,"column":4},"end":{"line":70,"column":14}},{"start":{"line":75,"column":4},"end":{"line":76,"column":14}}]},"8":{"line":85,"type":"switch","locations":[{"start":{"line":90,"column":4},"end":{"line":105,"column":14}},{"start":{"line":111,"column":4},"end":{"line":193,"column":14},"skip":true}]},"9":{"line":91,"type":"binary-expr","locations":[{"start":{"line":91,"column":42},"end":{"line":91,"column":73}},{"start":{"line":91,"column":77},"end":{"line":99,"column":9}}]},"10":{"line":102,"type":"binary-expr","locations":[{"start":{"line":102,"column":18},"end":{"line":102,"column":32}},{"start":{"line":103,"column":12},"end":{"line":103,"column":53}},{"start":{"line":104,"column":12},"end":{"line":104,"column":61}}]},"11":{"line":112,"type":"binary-expr","locations":[{"start":{"line":112,"column":45},"end":{"line":112,"column":79},"skip":true},{"start":{"line":112,"column":83},"end":{"line":121,"column":9},"skip":true}]},"12":{"line":123,"type":"binary-expr","locations":[{"start":{"line":123,"column":42},"end":{"line":123,"column":73},"skip":true},{"start":{"line":123,"column":77},"end":{"line":136,"column":9},"skip":true}]},"13":{"line":138,"type":"binary-expr","locations":[{"start":{"line":138,"column":48},"end":{"line":138,"column":85},"skip":true},{"start":{"line":139,"column":12},"end":{"line":145,"column":13},"skip":true}]},"14":{"line":147,"type":"binary-expr","locations":[{"start":{"line":147,"column":42},"end":{"line":147,"column":73},"skip":true},{"start":{"line":147,"column":77},"end":{"line":156,"column":9},"skip":true}]},"15":{"line":158,"type":"binary-expr","locations":[{"start":{"line":158,"column":45},"end":{"line":158,"column":79},"skip":true},{"start":{"line":158,"column":83},"end":{"line":167,"column":9},"skip":true}]},"16":{"line":169,"type":"binary-expr","locations":[{"start":{"line":169,"column":43},"end":{"line":169,"column":75},"skip":true},{"start":{"line":169,"column":79},"end":{"line":178,"column":9},"skip":true}]},"17":{"line":180,"type":"binary-expr","locations":[{"start":{"line":180,"column":41},"end":{"line":180,"column":71},"skip":true},{"start":{"line":180,"column":75},"end":{"line":189,"column":9},"skip":true}]}},"code":["/* istanbul instrument in package npmtest_rabbit_js */","/*jslint","    bitwise: true,","    browser: true,","    maxerr: 8,","    maxlen: 96,","    node: true,","    nomen: true,","    regexp: true,","    stupid: true","*/","(function () {","    'use strict';","    var local;","","","","    // run shared js-env code - pre-init","    (function () {","        // init local","        local = {};","        // init modeJs","        local.modeJs = (function () {","            try {","                return typeof navigator.userAgent === 'string' &&","                    typeof document.querySelector('body') === 'object' &&","                    typeof XMLHttpRequest.prototype.open === 'function' &&","                    'browser';","            } catch (errorCaughtBrowser) {","                return module.exports &&","                    typeof process.versions.node === 'string' &&","                    typeof require('http').createServer === 'function' &&","                    'node';","            }","        }());","        // init global","        local.global = local.modeJs === 'browser'","            ? window","            : global;","        switch (local.modeJs) {","        // re-init local from window.local","        case 'browser':","            local = local.global.utility2.objectSetDefault(","                local.global.utility2_rollup || local.global.local,","                local.global.utility2","            );","            break;","        // re-init local from example.js","        case 'node':","            local = (local.global.utility2_rollup || require('utility2'))","                .requireExampleJsFromReadme();","            break;","        }","        // export local","        local.global.local = local;","    }());","","","","    // run shared js-env code - function","    (function () {","        return;","    }());","    switch (local.modeJs) {","","","","    // run browser js-env code - function","    case 'browser':","        break;","","","","    // run node js-env code - function","    case 'node':","        break;","    }","","","","    // run shared js-env code - post-init","    (function () {","        return;","    }());","    switch (local.modeJs) {","","","","    // run browser js-env code - post-init","    case 'browser':","        local.testCase_browser_nullCase = local.testCase_browser_nullCase || function (","            options,","            onError","        ) {","        /*","         * this function will test browsers's null-case handling-behavior-behavior","         */","            onError(null, options);","        };","","        // run tests","        local.nop(local.modeTest &&","            document.querySelector('#testRunButton1') &&","            document.querySelector('#testRunButton1').click());","        break;","","","","    // run node js-env code - post-init","    /* istanbul ignore next */","    case 'node':","        local.testCase_buildApidoc_default = local.testCase_buildApidoc_default || function (","            options,","            onError","        ) {","        /*","         * this function will test buildApidoc's default handling-behavior-behavior","         */","            options = { modulePathList: module.paths };","            local.buildApidoc(options, onError);","        };","","        local.testCase_buildApp_default = local.testCase_buildApp_default || function (","            options,","            onError","        ) {","        /*","         * this function will test buildApp's default handling-behavior-behavior","         */","            local.testCase_buildReadme_default(options, local.onErrorThrow);","            local.testCase_buildLib_default(options, local.onErrorThrow);","            local.testCase_buildTest_default(options, local.onErrorThrow);","            local.testCase_buildCustomOrg_default(options, local.onErrorThrow);","            options = [];","            local.buildApp(options, onError);","        };","","        local.testCase_buildCustomOrg_default = local.testCase_buildCustomOrg_default ||","            function (options, onError) {","            /*","             * this function will test buildCustomOrg's default handling-behavior","             */","                options = {};","                local.buildCustomOrg(options, onError);","            };","","        local.testCase_buildLib_default = local.testCase_buildLib_default || function (","            options,","            onError","        ) {","        /*","         * this function will test buildLib's default handling-behavior","         */","            options = {};","            local.buildLib(options, onError);","        };","","        local.testCase_buildReadme_default = local.testCase_buildReadme_default || function (","            options,","            onError","        ) {","        /*","         * this function will test buildReadme's default handling-behavior-behavior","         */","            options = {};","            local.buildReadme(options, onError);","        };","","        local.testCase_buildTest_default = local.testCase_buildTest_default || function (","            options,","            onError","        ) {","        /*","         * this function will test buildTest's default handling-behavior","         */","            options = {};","            local.buildTest(options, onError);","        };","","        local.testCase_webpage_default = local.testCase_webpage_default || function (","            options,","            onError","        ) {","        /*","         * this function will test webpage's default handling-behavior","         */","            options = { modeCoverageMerge: true, url: local.serverLocalHost + '?modeTest=1' };","            local.browserTest(options, onError);","        };","","        // run test-server","        local.testRunServer(local);","        break;","    }","}());",""],"l":{"12":2,"14":2,"19":2,"21":2,"23":2,"24":2,"25":2,"30":1,"37":2,"40":2,"43":1,"47":1,"50":1,"52":1,"55":2,"61":2,"62":2,"64":2,"70":1,"76":1,"82":2,"83":2,"85":2,"91":1,"98":1,"102":1,"105":1,"112":1,"119":1,"120":1,"123":1,"130":1,"131":1,"132":1,"133":1,"134":1,"135":1,"138":1,"143":2,"144":2,"147":1,"154":2,"155":2,"158":1,"165":2,"166":2,"169":1,"176":2,"177":2,"180":1,"187":1,"188":1,"192":1,"193":1}},"/home/travis/build/npmtest/node-npmtest-rabbit.js/lib.npmtest_rabbit.js.js":{"path":"/home/travis/build/npmtest/node-npmtest-rabbit.js/lib.npmtest_rabbit.js.js","s":{"1":2,"2":2,"3":2,"4":2,"5":2,"6":2,"7":2,"8":1,"9":2,"10":2,"11":2,"12":2,"13":1,"14":1,"15":1,"16":1},"b":{"1":[2,1,1,1],"2":[1,1,1,1],"3":[1,1],"4":[2,2],"5":[1,1]},"f":{"1":2,"2":2,"3":2},"fnMap":{"1":{"name":"(anonymous_1)","line":12,"loc":{"start":{"line":12,"column":1},"end":{"line":12,"column":13}}},"2":{"name":"(anonymous_2)","line":19,"loc":{"start":{"line":19,"column":5},"end":{"line":19,"column":17}}},"3":{"name":"(anonymous_3)","line":23,"loc":{"start":{"line":23,"column":24},"end":{"line":23,"column":36}}}},"statementMap":{"1":{"start":{"line":12,"column":0},"end":{"line":53,"column":5}},"2":{"start":{"line":14,"column":4},"end":{"line":14,"column":14}},"3":{"start":{"line":19,"column":4},"end":{"line":52,"column":9}},"4":{"start":{"line":21,"column":8},"end":{"line":21,"column":19}},"5":{"start":{"line":23,"column":8},"end":{"line":35,"column":13}},"6":{"start":{"line":24,"column":12},"end":{"line":34,"column":13}},"7":{"start":{"line":25,"column":16},"end":{"line":28,"column":30}},"8":{"start":{"line":30,"column":16},"end":{"line":33,"column":27}},"9":{"start":{"line":37,"column":8},"end":{"line":39,"column":21}},"10":{"start":{"line":41,"column":8},"end":{"line":41,"column":54}},"11":{"start":{"line":43,"column":8},"end":{"line":43,"column":54}},"12":{"start":{"line":45,"column":8},"end":{"line":51,"column":9}},"13":{"start":{"line":46,"column":12},"end":{"line":46,"column":60}},"14":{"start":{"line":48,"column":12},"end":{"line":48,"column":35}},"15":{"start":{"line":49,"column":12},"end":{"line":49,"column":49}},"16":{"start":{"line":50,"column":12},"end":{"line":50,"column":43}}},"branchMap":{"1":{"line":25,"type":"binary-expr","locations":[{"start":{"line":25,"column":23},"end":{"line":25,"column":62}},{"start":{"line":26,"column":20},"end":{"line":26,"column":70}},{"start":{"line":27,"column":20},"end":{"line":27,"column":71}},{"start":{"line":28,"column":20},"end":{"line":28,"column":29}}]},"2":{"line":30,"type":"binary-expr","locations":[{"start":{"line":30,"column":23},"end":{"line":30,"column":37}},{"start":{"line":31,"column":20},"end":{"line":31,"column":61}},{"start":{"line":32,"column":20},"end":{"line":32,"column":70}},{"start":{"line":33,"column":20},"end":{"line":33,"column":26}}]},"3":{"line":37,"type":"cond-expr","locations":[{"start":{"line":38,"column":14},"end":{"line":38,"column":20}},{"start":{"line":39,"column":14},"end":{"line":39,"column":20}}]},"4":{"line":41,"type":"binary-expr","locations":[{"start":{"line":41,"column":16},"end":{"line":41,"column":44}},{"start":{"line":41,"column":48},"end":{"line":41,"column":53}}]},"5":{"line":45,"type":"if","locations":[{"start":{"line":45,"column":8},"end":{"line":45,"column":8}},{"start":{"line":45,"column":8},"end":{"line":45,"column":8}}]}},"code":["/* istanbul instrument in package npmtest_rabbit_js */","/*jslint","    bitwise: true,","    browser: true,","    maxerr: 8,","    maxlen: 96,","    node: true,","    nomen: true,","    regexp: true,","    stupid: true","*/","(function () {","    'use strict';","    var local;","","","","    // run shared js-env code - pre-init","    (function () {","        // init local","        local = {};","        // init modeJs","        local.modeJs = (function () {","            try {","                return typeof navigator.userAgent === 'string' &&","                    typeof document.querySelector('body') === 'object' &&","                    typeof XMLHttpRequest.prototype.open === 'function' &&","                    'browser';","            } catch (errorCaughtBrowser) {","                return module.exports &&","                    typeof process.versions.node === 'string' &&","                    typeof require('http').createServer === 'function' &&","                    'node';","            }","        }());","        // init global","        local.global = local.modeJs === 'browser'","            ? window","            : global;","        // init utility2_rollup","        local = local.global.utility2_rollup || local;","        // init lib","        local.local = local.npmtest_rabbit_js = local;","        // init exports","        if (local.modeJs === 'browser') {","            local.global.utility2_npmtest_rabbit_js = local;","        } else {","            module.exports = local;","            module.exports.__dirname = __dirname;","            module.exports.module = module;","        }","    }());","}());",""],"l":{"12":2,"14":2,"19":2,"21":2,"23":2,"24":2,"25":2,"30":1,"37":2,"41":2,"43":2,"45":2,"46":1,"48":1,"49":1,"50":1}},"/home/travis/build/npmtest/node-npmtest-rabbit.js/example.js":{"path":"/home/travis/build/npmtest/node-npmtest-rabbit.js/example.js","s":{"1":2,"2":2,"3":2,"4":2,"5":2,"6":2,"7":2,"8":1,"9":2,"10":2,"11":2,"12":2,"13":1,"14":2,"15":2,"16":2,"17":2,"18":2,"19":0,"20":2,"21":1,"22":1,"23":1,"24":1,"25":1,"26":0,"27":0,"28":1,"29":1,"30":2,"31":0,"32":0,"33":0,"34":1,"35":2,"36":2,"37":3,"38":3,"39":3,"40":3,"41":0,"42":3,"43":3,"44":3,"45":1,"46":3,"47":1,"48":1,"49":1,"50":1,"51":1,"52":1,"53":1,"54":1,"55":1,"56":1,"57":0,"58":1,"59":6,"60":6,"61":1,"62":2,"63":0,"64":2,"65":1,"66":1,"67":0,"68":0,"69":0,"70":0,"71":0,"72":0,"73":0,"74":0,"75":0,"76":0,"77":0,"78":0,"79":0,"80":0,"81":0,"82":0,"83":0},"b":{"1":[2,1,1,1],"2":[1,1,1,1],"3":[1,1],"4":[2,2],"5":[1,1],"6":[1,1],"7":[2,0],"8":[2,1,1,1,1,1],"9":[0,2,0],"10":[1,1],"11":[2,1,1],"12":[1,0],"13":[0,2],"14":[2,0,0,0,0,0,0],"15":[0,3],"16":[3,0],"17":[1,1],"18":[0,1],"19":[1,2,0,2],"20":[1,0],"21":[1,1],"22":[0,0],"23":[0,0],"24":[0,0],"25":[0,0],"26":[0,0],"27":[0,0],"28":[0,0]},"f":{"1":2,"2":2,"3":2,"4":2,"5":2,"6":2,"7":3,"8":3,"9":3,"10":1,"11":6,"12":0},"fnMap":{"1":{"name":"(anonymous_1)","line":26,"loc":{"start":{"line":26,"column":1},"end":{"line":26,"column":13}}},"2":{"name":"(anonymous_2)","line":33,"loc":{"start":{"line":33,"column":5},"end":{"line":33,"column":17}}},"3":{"name":"(anonymous_3)","line":37,"loc":{"start":{"line":37,"column":24},"end":{"line":37,"column":36}}},"4":{"name":"(anonymous_4)","line":69,"loc":{"start":{"line":69,"column":31},"end":{"line":69,"column":48}},"skip":true},"5":{"name":"(anonymous_5)","line":78,"loc":{"start":{"line":78,"column":26},"end":{"line":78,"column":45}},"skip":true},"6":{"name":"(anonymous_6)","line":123,"loc":{"start":{"line":123,"column":33},"end":{"line":123,"column":48}},"skip":true},"7":{"name":"(anonymous_7)","line":125,"loc":{"start":{"line":125,"column":27},"end":{"line":125,"column":39}},"skip":true},"8":{"name":"(anonymous_8)","line":133,"loc":{"start":{"line":133,"column":59},"end":{"line":133,"column":74}},"skip":true},"9":{"name":"(anonymous_9)","line":143,"loc":{"start":{"line":143,"column":45},"end":{"line":143,"column":62}},"skip":true},"10":{"name":"(anonymous_10)","line":144,"loc":{"start":{"line":144,"column":73},"end":{"line":144,"column":92}},"skip":true},"11":{"name":"(anonymous_11)","line":272,"loc":{"start":{"line":272,"column":51},"end":{"line":272,"column":77}},"skip":true},"12":{"name":"(anonymous_12)","line":315,"loc":{"start":{"line":315,"column":32},"end":{"line":315,"column":61}},"skip":true}},"statementMap":{"1":{"start":{"line":26,"column":0},"end":{"line":326,"column":5}},"2":{"start":{"line":28,"column":4},"end":{"line":28,"column":14}},"3":{"start":{"line":33,"column":4},"end":{"line":60,"column":9}},"4":{"start":{"line":35,"column":8},"end":{"line":35,"column":19}},"5":{"start":{"line":37,"column":8},"end":{"line":49,"column":13}},"6":{"start":{"line":38,"column":12},"end":{"line":48,"column":13}},"7":{"start":{"line":39,"column":16},"end":{"line":42,"column":30}},"8":{"start":{"line":44,"column":16},"end":{"line":47,"column":27}},"9":{"start":{"line":51,"column":8},"end":{"line":53,"column":21}},"10":{"start":{"line":55,"column":8},"end":{"line":57,"column":45}},"11":{"start":{"line":59,"column":8},"end":{"line":59,"column":35}},"12":{"start":{"line":61,"column":4},"end":{"line":325,"column":5}},"13":{"start":{"line":69,"column":8},"end":{"line":121,"column":10},"skip":true},"14":{"start":{"line":70,"column":12},"end":{"line":88,"column":13},"skip":true},"15":{"start":{"line":76,"column":16},"end":{"line":87,"column":19},"skip":true},"16":{"start":{"line":79,"column":20},"end":{"line":86,"column":21},"skip":true},"17":{"start":{"line":82,"column":24},"end":{"line":82,"column":43},"skip":true},"18":{"start":{"line":83,"column":24},"end":{"line":83,"column":30},"skip":true},"19":{"start":{"line":85,"column":24},"end":{"line":85,"column":49},"skip":true},"20":{"start":{"line":89,"column":12},"end":{"line":107,"column":13},"skip":true},"21":{"start":{"line":92,"column":16},"end":{"line":102,"column":17},"skip":true},"22":{"start":{"line":93,"column":20},"end":{"line":93,"column":86},"skip":true},"23":{"start":{"line":94,"column":20},"end":{"line":95,"column":45},"skip":true},"24":{"start":{"line":96,"column":20},"end":{"line":96,"column":42},"skip":true},"25":{"start":{"line":97,"column":20},"end":{"line":97,"column":48},"skip":true},"26":{"start":{"line":100,"column":20},"end":{"line":100,"column":85},"skip":true},"27":{"start":{"line":101,"column":20},"end":{"line":101,"column":96},"skip":true},"28":{"start":{"line":103,"column":16},"end":{"line":103,"column":22},"skip":true},"29":{"start":{"line":106,"column":16},"end":{"line":106,"column":22},"skip":true},"30":{"start":{"line":108,"column":12},"end":{"line":120,"column":13},"skip":true},"31":{"start":{"line":114,"column":16},"end":{"line":119,"column":17},"skip":true},"32":{"start":{"line":116,"column":20},"end":{"line":116,"column":78},"skip":true},"33":{"start":{"line":118,"column":20},"end":{"line":118,"column":47},"skip":true},"34":{"start":{"line":123,"column":8},"end":{"line":141,"column":11},"skip":true},"35":{"start":{"line":124,"column":12},"end":{"line":124,"column":54},"skip":true},"36":{"start":{"line":125,"column":12},"end":{"line":140,"column":14},"skip":true},"37":{"start":{"line":126,"column":16},"end":{"line":126,"column":28},"skip":true},"38":{"start":{"line":127,"column":16},"end":{"line":127,"column":69},"skip":true},"39":{"start":{"line":128,"column":16},"end":{"line":128,"column":75},"skip":true},"40":{"start":{"line":129,"column":16},"end":{"line":131,"column":17},"skip":true},"41":{"start":{"line":130,"column":20},"end":{"line":130,"column":27},"skip":true},"42":{"start":{"line":133,"column":16},"end":{"line":137,"column":36},"skip":true},"43":{"start":{"line":134,"column":20},"end":{"line":136,"column":55},"skip":true},"44":{"start":{"line":139,"column":16},"end":{"line":139,"column":57},"skip":true},"45":{"start":{"line":143,"column":8},"end":{"line":147,"column":11},"skip":true},"46":{"start":{"line":144,"column":12},"end":{"line":146,"column":15},"skip":true},"47":{"start":{"line":145,"column":16},"end":{"line":145,"column":70},"skip":true},"48":{"start":{"line":149,"column":8},"end":{"line":149,"column":31},"skip":true},"49":{"start":{"line":150,"column":8},"end":{"line":150,"column":14},"skip":true},"50":{"start":{"line":158,"column":8},"end":{"line":158,"column":31},"skip":true},"51":{"start":{"line":160,"column":8},"end":{"line":160,"column":33},"skip":true},"52":{"start":{"line":161,"column":8},"end":{"line":161,"column":37},"skip":true},"53":{"start":{"line":162,"column":8},"end":{"line":162,"column":35},"skip":true},"54":{"start":{"line":164,"column":8},"end":{"line":164,"column":50},"skip":true},"55":{"start":{"line":166,"column":8},"end":{"line":256,"column":2},"skip":true},"56":{"start":{"line":258,"column":8},"end":{"line":286,"column":9},"skip":true},"57":{"start":{"line":259,"column":12},"end":{"line":269,"column":14},"skip":true},"58":{"start":{"line":271,"column":12},"end":{"line":285,"column":19},"skip":true},"59":{"start":{"line":274,"column":20},"end":{"line":274,"column":35},"skip":true},"60":{"start":{"line":275,"column":20},"end":{"line":284,"column":21},"skip":true},"61":{"start":{"line":277,"column":24},"end":{"line":277,"column":64},"skip":true},"62":{"start":{"line":279,"column":24},"end":{"line":279,"column":40},"skip":true},"63":{"start":{"line":281,"column":24},"end":{"line":281,"column":40},"skip":true},"64":{"start":{"line":283,"column":24},"end":{"line":283,"column":39},"skip":true},"65":{"start":{"line":288,"column":8},"end":{"line":290,"column":9},"skip":true},"66":{"start":{"line":289,"column":12},"end":{"line":289,"column":18},"skip":true},"67":{"start":{"line":291,"column":8},"end":{"line":293,"column":54},"skip":true},"68":{"start":{"line":296,"column":8},"end":{"line":301,"column":37},"skip":true},"69":{"start":{"line":303,"column":8},"end":{"line":303,"column":82},"skip":true},"70":{"start":{"line":306,"column":8},"end":{"line":308,"column":9},"skip":true},"71":{"start":{"line":307,"column":12},"end":{"line":307,"column":82},"skip":true},"72":{"start":{"line":310,"column":8},"end":{"line":312,"column":9},"skip":true},"73":{"start":{"line":311,"column":12},"end":{"line":311,"column":18},"skip":true},"74":{"start":{"line":313,"column":8},"end":{"line":313,"column":54},"skip":true},"75":{"start":{"line":314,"column":8},"end":{"line":314,"column":69},"skip":true},"76":{"start":{"line":315,"column":8},"end":{"line":323,"column":36},"skip":true},"77":{"start":{"line":316,"column":12},"end":{"line":316,"column":61},"skip":true},"78":{"start":{"line":317,"column":12},"end":{"line":320,"column":13},"skip":true},"79":{"start":{"line":318,"column":16},"end":{"line":318,"column":75},"skip":true},"80":{"start":{"line":319,"column":16},"end":{"line":319,"column":23},"skip":true},"81":{"start":{"line":321,"column":12},"end":{"line":321,"column":38},"skip":true},"82":{"start":{"line":322,"column":12},"end":{"line":322,"column":27},"skip":true},"83":{"start":{"line":324,"column":8},"end":{"line":324,"column":14},"skip":true}},"branchMap":{"1":{"line":39,"type":"binary-expr","locations":[{"start":{"line":39,"column":23},"end":{"line":39,"column":62}},{"start":{"line":40,"column":20},"end":{"line":40,"column":70}},{"start":{"line":41,"column":20},"end":{"line":41,"column":71}},{"start":{"line":42,"column":20},"end":{"line":42,"column":29}}]},"2":{"line":44,"type":"binary-expr","locations":[{"start":{"line":44,"column":23},"end":{"line":44,"column":37}},{"start":{"line":45,"column":20},"end":{"line":45,"column":61}},{"start":{"line":46,"column":20},"end":{"line":46,"column":70}},{"start":{"line":47,"column":20},"end":{"line":47,"column":26}}]},"3":{"line":51,"type":"cond-expr","locations":[{"start":{"line":52,"column":14},"end":{"line":52,"column":20}},{"start":{"line":53,"column":14},"end":{"line":53,"column":20}}]},"4":{"line":55,"type":"binary-expr","locations":[{"start":{"line":55,"column":16},"end":{"line":55,"column":44}},{"start":{"line":55,"column":49},"end":{"line":57,"column":43}}]},"5":{"line":55,"type":"cond-expr","locations":[{"start":{"line":56,"column":14},"end":{"line":56,"column":53}},{"start":{"line":57,"column":14},"end":{"line":57,"column":43}}]},"6":{"line":61,"type":"switch","locations":[{"start":{"line":68,"column":4},"end":{"line":150,"column":14},"skip":true},{"start":{"line":156,"column":4},"end":{"line":324,"column":14},"skip":true}]},"7":{"line":70,"type":"if","locations":[{"start":{"line":70,"column":12},"end":{"line":70,"column":12},"skip":true},{"start":{"line":70,"column":12},"end":{"line":70,"column":12},"skip":true}]},"8":{"line":70,"type":"binary-expr","locations":[{"start":{"line":70,"column":16},"end":{"line":70,"column":22},"skip":true},{"start":{"line":70,"column":27},"end":{"line":70,"column":32},"skip":true},{"start":{"line":71,"column":20},"end":{"line":71,"column":39},"skip":true},{"start":{"line":72,"column":20},"end":{"line":72,"column":49},"skip":true},{"start":{"line":73,"column":20},"end":{"line":73,"column":58},"skip":true},{"start":{"line":74,"column":20},"end":{"line":74,"column":69},"skip":true}]},"9":{"line":79,"type":"switch","locations":[{"start":{"line":80,"column":20},"end":{"line":80,"column":33},"skip":true},{"start":{"line":81,"column":20},"end":{"line":83,"column":30},"skip":true},{"start":{"line":84,"column":20},"end":{"line":85,"column":49},"skip":true}]},"10":{"line":89,"type":"switch","locations":[{"start":{"line":90,"column":12},"end":{"line":103,"column":22},"skip":true},{"start":{"line":105,"column":12},"end":{"line":106,"column":22},"skip":true}]},"11":{"line":89,"type":"binary-expr","locations":[{"start":{"line":89,"column":20},"end":{"line":89,"column":25},"skip":true},{"start":{"line":89,"column":29},"end":{"line":89,"column":48},"skip":true},{"start":{"line":89,"column":52},"end":{"line":89,"column":74},"skip":true}]},"12":{"line":92,"type":"if","locations":[{"start":{"line":92,"column":16},"end":{"line":92,"column":16},"skip":true},{"start":{"line":92,"column":16},"end":{"line":92,"column":16},"skip":true}]},"13":{"line":108,"type":"if","locations":[{"start":{"line":108,"column":12},"end":{"line":108,"column":12},"skip":true},{"start":{"line":108,"column":12},"end":{"line":108,"column":12},"skip":true}]},"14":{"line":108,"type":"binary-expr","locations":[{"start":{"line":108,"column":16},"end":{"line":108,"column":61},"skip":true},{"start":{"line":108,"column":66},"end":{"line":108,"column":72},"skip":true},{"start":{"line":108,"column":77},"end":{"line":108,"column":82},"skip":true},{"start":{"line":109,"column":20},"end":{"line":109,"column":39},"skip":true},{"start":{"line":110,"column":20},"end":{"line":110,"column":49},"skip":true},{"start":{"line":111,"column":20},"end":{"line":111,"column":58},"skip":true},{"start":{"line":112,"column":20},"end":{"line":112,"column":68},"skip":true}]},"15":{"line":129,"type":"if","locations":[{"start":{"line":129,"column":16},"end":{"line":129,"column":16},"skip":true},{"start":{"line":129,"column":16},"end":{"line":129,"column":16},"skip":true}]},"16":{"line":134,"type":"cond-expr","locations":[{"start":{"line":135,"column":26},"end":{"line":135,"column":29},"skip":true},{"start":{"line":136,"column":26},"end":{"line":136,"column":54},"skip":true}]},"17":{"line":164,"type":"binary-expr","locations":[{"start":{"line":164,"column":27},"end":{"line":164,"column":43},"skip":true},{"start":{"line":164,"column":47},"end":{"line":164,"column":49},"skip":true}]},"18":{"line":258,"type":"if","locations":[{"start":{"line":258,"column":8},"end":{"line":258,"column":8},"skip":true},{"start":{"line":258,"column":8},"end":{"line":258,"column":8},"skip":true}]},"19":{"line":275,"type":"switch","locations":[{"start":{"line":276,"column":20},"end":{"line":277,"column":64},"skip":true},{"start":{"line":278,"column":20},"end":{"line":279,"column":40},"skip":true},{"start":{"line":280,"column":20},"end":{"line":281,"column":40},"skip":true},{"start":{"line":282,"column":20},"end":{"line":283,"column":39},"skip":true}]},"20":{"line":288,"type":"if","locations":[{"start":{"line":288,"column":8},"end":{"line":288,"column":8},"skip":true},{"start":{"line":288,"column":8},"end":{"line":288,"column":8},"skip":true}]},"21":{"line":288,"type":"binary-expr","locations":[{"start":{"line":288,"column":12},"end":{"line":288,"column":40},"skip":true},{"start":{"line":288,"column":44},"end":{"line":288,"column":67},"skip":true}]},"22":{"line":292,"type":"binary-expr","locations":[{"start":{"line":292,"column":12},"end":{"line":292,"column":50},"skip":true},{"start":{"line":293,"column":12},"end":{"line":293,"column":53},"skip":true}]},"23":{"line":297,"type":"binary-expr","locations":[{"start":{"line":297,"column":12},"end":{"line":297,"column":67},"skip":true},{"start":{"line":298,"column":12},"end":{"line":301,"column":36},"skip":true}]},"24":{"line":303,"type":"binary-expr","locations":[{"start":{"line":303,"column":43},"end":{"line":303,"column":75},"skip":true},{"start":{"line":303,"column":79},"end":{"line":303,"column":81},"skip":true}]},"25":{"line":306,"type":"if","locations":[{"start":{"line":306,"column":8},"end":{"line":306,"column":8},"skip":true},{"start":{"line":306,"column":8},"end":{"line":306,"column":8},"skip":true}]},"26":{"line":310,"type":"if","locations":[{"start":{"line":310,"column":8},"end":{"line":310,"column":8},"skip":true},{"start":{"line":310,"column":8},"end":{"line":310,"column":8},"skip":true}]},"27":{"line":313,"type":"binary-expr","locations":[{"start":{"line":313,"column":27},"end":{"line":313,"column":43},"skip":true},{"start":{"line":313,"column":47},"end":{"line":313,"column":53},"skip":true}]},"28":{"line":317,"type":"if","locations":[{"start":{"line":317,"column":12},"end":{"line":317,"column":12},"skip":true},{"start":{"line":317,"column":12},"end":{"line":317,"column":12},"skip":true}]}},"code":["/*","example.js","","quickstart example","","instruction","    1. save this script as example.js","    2. run the shell command:","        $ npm install npmtest-rabbit.js && PORT=8081 node example.js","    3. play with the browser-demo on http://127.0.0.1:8081","*/","","","","/* istanbul instrument in package npmtest_rabbit_js */","/*jslint","    bitwise: true,","    browser: true,","    maxerr: 8,","    maxlen: 96,","    node: true,","    nomen: true,","    regexp: true,","    stupid: true","*/","(function () {","    'use strict';","    var local;","","","","    // run shared js-env code - pre-init","    (function () {","        // init local","        local = {};","        // init modeJs","        local.modeJs = (function () {","            try {","                return typeof navigator.userAgent === 'string' &&","                    typeof document.querySelector('body') === 'object' &&","                    typeof XMLHttpRequest.prototype.open === 'function' &&","                    'browser';","            } catch (errorCaughtBrowser) {","                return module.exports &&","                    typeof process.versions.node === 'string' &&","                    typeof require('http').createServer === 'function' &&","                    'node';","            }","        }());","        // init global","        local.global = local.modeJs === 'browser'","            ? window","            : global;","        // init utility2_rollup","        local = local.global.utility2_rollup || (local.modeJs === 'browser'","            ? local.global.utility2_npmtest_rabbit_js","            : global.utility2_moduleExports);","        // export local","        local.global.local = local;","    }());","    switch (local.modeJs) {","","","","    // post-init","    // run browser js-env code - post-init","    /* istanbul ignore next */","    case 'browser':","        local.testRunBrowser = function (event) {","            if (!event || (event &&","                    event.currentTarget &&","                    event.currentTarget.className &&","                    event.currentTarget.className.includes &&","                    event.currentTarget.className.includes('onreset'))) {","                // reset output","                Array.from(","                    document.querySelectorAll('body > .resettable')","                ).forEach(function (element) {","                    switch (element.tagName) {","                    case 'INPUT':","                    case 'TEXTAREA':","                        element.value = '';","                        break;","                    default:","                        element.textContent = '';","                    }","                });","            }","            switch (event && event.currentTarget && event.currentTarget.id) {","            case 'testRunButton1':","                // show tests","                if (document.querySelector('#testReportDiv1').style.display === 'none') {","                    document.querySelector('#testReportDiv1').style.display = 'block';","                    document.querySelector('#testRunButton1').textContent =","                        'hide internal test';","                    local.modeTest = true;","                    local.testRunDefault(local);","                // hide tests","                } else {","                    document.querySelector('#testReportDiv1').style.display = 'none';","                    document.querySelector('#testRunButton1').textContent = 'run internal test';","                }","                break;","            // custom-case","            default:","                break;","            }","            if (document.querySelector('#inputTextareaEval1') && (!event || (event &&","                    event.currentTarget &&","                    event.currentTarget.className &&","                    event.currentTarget.className.includes &&","                    event.currentTarget.className.includes('oneval')))) {","                // try to eval input-code","                try {","                    /*jslint evil: true*/","                    eval(document.querySelector('#inputTextareaEval1').value);","                } catch (errorCaught) {","                    console.error(errorCaught);","                }","            }","        };","        // log stderr and stdout to #outputTextareaStdout1","        ['error', 'log'].forEach(function (key) {","            console[key + '_original'] = console[key];","            console[key] = function () {","                var element;","                console[key + '_original'].apply(console, arguments);","                element = document.querySelector('#outputTextareaStdout1');","                if (!element) {","                    return;","                }","                // append text to #outputTextareaStdout1","                element.value += Array.from(arguments).map(function (arg) {","                    return typeof arg === 'string'","                        ? arg","                        : JSON.stringify(arg, null, 4);","                }).join(' ') + '\\n';","                // scroll textarea to bottom","                element.scrollTop = element.scrollHeight;","            };","        });","        // init event-handling","        ['change', 'click', 'keyup'].forEach(function (event) {","            Array.from(document.querySelectorAll('.on' + event)).forEach(function (element) {","                element.addEventListener(event, local.testRunBrowser);","            });","        });","        // run tests","        local.testRunBrowser();","        break;","","","","    // run node js-env code - post-init","    /* istanbul ignore next */","    case 'node':","        // export local","        module.exports = local;","        // require modules","        local.fs = require('fs');","        local.http = require('http');","        local.url = require('url');","        // init assets","        local.assetsDict = local.assetsDict || {};","        /* jslint-ignore-begin */","        local.assetsDict['/assets.index.template.html'] = '\\","<!doctype html>\\n\\","<html lang=\"en\">\\n\\","<head>\\n\\","<meta charset=\"UTF-8\">\\n\\","<meta name=\"viewport\" content=\"width=device-width, initial-scale=1\">\\n\\","<title>{{env.npm_package_name}} (v{{env.npm_package_version}})</title>\\n\\","<style>\\n\\","/*csslint\\n\\","    box-sizing: false,\\n\\","    universal-selector: false\\n\\","*/\\n\\","* {\\n\\","    box-sizing: border-box;\\n\\","}\\n\\","body {\\n\\","    background: #dde;\\n\\","    font-family: Arial, Helvetica, sans-serif;\\n\\","    margin: 2rem;\\n\\","}\\n\\","body > * {\\n\\","    margin-bottom: 1rem;\\n\\","}\\n\\",".utility2FooterDiv {\\n\\","    margin-top: 20px;\\n\\","    text-align: center;\\n\\","}\\n\\","</style>\\n\\","<style>\\n\\","/*csslint\\n\\","*/\\n\\","textarea {\\n\\","    font-family: monospace;\\n\\","    height: 10rem;\\n\\","    width: 100%;\\n\\","}\\n\\","textarea[readonly] {\\n\\","    background: #ddd;\\n\\","}\\n\\","</style>\\n\\","</head>\\n\\","<body>\\n\\","<!-- utility2-comment\\n\\","<div id=\"ajaxProgressDiv1\" style=\"background: #d00; height: 2px; left: 0; margin: 0; padding: 0; position: fixed; top: 0; transition: background 0.5s, width 1.5s; width: 25%;\"></div>\\n\\","utility2-comment -->\\n\\","<h1>\\n\\","<!-- utility2-comment\\n\\","    <a\\n\\","        {{#if env.npm_package_homepage}}\\n\\","        href=\"{{env.npm_package_homepage}}\"\\n\\","        {{/if env.npm_package_homepage}}\\n\\","        target=\"_blank\"\\n\\","    >\\n\\","utility2-comment -->\\n\\","        {{env.npm_package_name}} (v{{env.npm_package_version}})\\n\\","<!-- utility2-comment\\n\\","    </a>\\n\\","utility2-comment -->\\n\\","</h1>\\n\\","<h3>{{env.npm_package_description}}</h3>\\n\\","<!-- utility2-comment\\n\\","<h4><a download href=\"assets.app.js\">download standalone app</a></h4>\\n\\","<button class=\"onclick onreset\" id=\"testRunButton1\">run internal test</button><br>\\n\\","<div id=\"testReportDiv1\" style=\"display: none;\"></div>\\n\\","utility2-comment -->\\n\\","\\n\\","\\n\\","\\n\\","<label>stderr and stdout</label>\\n\\","<textarea class=\"resettable\" id=\"outputTextareaStdout1\" readonly></textarea>\\n\\","<!-- utility2-comment\\n\\","{{#if isRollup}}\\n\\","<script src=\"assets.app.js\"></script>\\n\\","{{#unless isRollup}}\\n\\","utility2-comment -->\\n\\","<script src=\"assets.utility2.rollup.js\"></script>\\n\\","<script src=\"jsonp.utility2._stateInit?callback=window.utility2._stateInit\"></script>\\n\\","<script src=\"assets.npmtest_rabbit_js.rollup.js\"></script>\\n\\","<script src=\"assets.example.js\"></script>\\n\\","<script src=\"assets.test.js\"></script>\\n\\","<!-- utility2-comment\\n\\","{{/if isRollup}}\\n\\","utility2-comment -->\\n\\","<div class=\"utility2FooterDiv\">\\n\\","    [ this app was created with\\n\\","    <a href=\"https://github.com/kaizhu256/node-utility2\" target=\"_blank\">utility2</a>\\n\\","    ]\\n\\","</div>\\n\\","</body>\\n\\","</html>\\n\\","';","        /* jslint-ignore-end */","        if (local.templateRender) {","            local.assetsDict['/'] = local.templateRender(","                local.assetsDict['/assets.index.template.html'],","                {","                    env: local.objectSetDefault(local.env, {","                        npm_package_description: 'the greatest app in the world!',","                        npm_package_name: 'my-app',","                        npm_package_nameAlias: 'my_app',","                        npm_package_version: '0.0.1'","                    })","                }","            );","        } else {","            local.assetsDict['/'] = local.assetsDict['/assets.index.template.html']","                .replace((/\\{\\{env\\.(\\w+?)\\}\\}/g), function (match0, match1) {","                    // jslint-hack","                    String(match0);","                    switch (match1) {","                    case 'npm_package_description':","                        return 'the greatest app in the world!';","                    case 'npm_package_name':","                        return 'my-app';","                    case 'npm_package_nameAlias':","                        return 'my_app';","                    case 'npm_package_version':","                        return '0.0.1';","                    }","                });","        }","        // run the cli","        if (local.global.utility2_rollup || module !== require.main) {","            break;","        }","        local.assetsDict['/assets.example.js'] =","            local.assetsDict['/assets.example.js'] ||","            local.fs.readFileSync(__filename, 'utf8');","        // bug-workaround - long $npm_package_buildCustomOrg","        /* jslint-ignore-begin */","        local.assetsDict['/assets.npmtest_rabbit_js.rollup.js'] =","            local.assetsDict['/assets.npmtest_rabbit_js.rollup.js'] ||","            local.fs.readFileSync(","                local.npmtest_rabbit_js.__dirname + '/lib.npmtest_rabbit_js.js',","                'utf8'","            ).replace((/^#!/), '//');","        /* jslint-ignore-end */","        local.assetsDict['/favicon.ico'] = local.assetsDict['/favicon.ico'] || '';","        // if $npm_config_timeout_exit exists,","        // then exit this process after $npm_config_timeout_exit ms","        if (Number(process.env.npm_config_timeout_exit)) {","            setTimeout(process.exit, Number(process.env.npm_config_timeout_exit));","        }","        // start server","        if (local.global.utility2_serverHttp1) {","            break;","        }","        process.env.PORT = process.env.PORT || '8081';","        console.error('server starting on port ' + process.env.PORT);","        local.http.createServer(function (request, response) {","            request.urlParsed = local.url.parse(request.url);","            if (local.assetsDict[request.urlParsed.pathname] !== undefined) {","                response.end(local.assetsDict[request.urlParsed.pathname]);","                return;","            }","            response.statusCode = 404;","            response.end();","        }).listen(process.env.PORT);","        break;","    }","}());",""],"l":{"26":2,"28":2,"33":2,"35":2,"37":2,"38":2,"39":2,"44":1,"51":2,"55":2,"59":2,"61":2,"69":1,"70":2,"76":2,"79":2,"82":2,"83":2,"85":1,"89":2,"92":1,"93":1,"94":1,"96":1,"97":1,"100":1,"101":1,"103":1,"106":1,"108":2,"114":1,"116":1,"118":1,"123":1,"124":2,"125":2,"126":3,"127":3,"128":3,"129":3,"130":1,"133":3,"134":3,"139":3,"143":1,"144":3,"145":1,"149":1,"150":1,"158":1,"160":1,"161":1,"162":1,"164":1,"166":1,"258":1,"259":1,"271":1,"274":6,"275":6,"277":1,"279":2,"281":1,"283":2,"288":1,"289":1,"291":1,"296":1,"303":1,"306":1,"307":1,"310":1,"311":1,"313":1,"314":1,"315":1,"316":1,"317":1,"318":1,"319":1,"321":1,"322":1,"324":1}},"/home/travis/build/npmtest/node-npmtest-rabbit.js/node_modules/rabbit.js/index.js":{"path":"/home/travis/build/npmtest/node-npmtest-rabbit.js/node_modules/rabbit.js/index.js","s":{"1":1,"2":1,"3":1,"4":0},"b":{},"f":{"1":0},"fnMap":{"1":{"name":"(anonymous_1)","line":4,"loc":{"start":{"line":4,"column":31},"end":{"line":4,"column":55}}}},"statementMap":{"1":{"start":{"line":1,"column":0},"end":{"line":1,"column":39}},"2":{"start":{"line":3,"column":0},"end":{"line":3,"column":25}},"3":{"start":{"line":4,"column":0},"end":{"line":6,"column":1}},"4":{"start":{"line":5,"column":2},"end":{"line":5,"column":44}}},"branchMap":{},"code":["var sockets = require('./lib/sockets');","","module.exports = sockets;","module.exports.createContext = function(url, connOpts) {","  return new sockets.Context(url, connOpts);","}",""],"l":{"1":1,"3":1,"4":1,"5":0}},"/home/travis/build/npmtest/node-npmtest-rabbit.js/node_modules/rabbit.js/lib/sockets.js":{"path":"/home/travis/build/npmtest/node-npmtest-rabbit.js/node_modules/rabbit.js/lib/sockets.js","s":{"1":1,"2":1,"3":1,"4":1,"5":1,"6":1,"7":1,"8":1,"9":1,"10":1,"11":0,"12":1,"13":0,"14":0,"15":0,"16":1,"17":1,"18":0,"19":0,"20":0,"21":0,"22":0,"23":0,"24":0,"25":0,"26":0,"27":1,"28":1,"29":1,"30":1,"31":0,"32":0,"33":0,"34":0,"35":0,"36":0,"37":1,"38":0,"39":0,"40":1,"41":1,"42":0,"43":0,"44":0,"45":0,"46":0,"47":0,"48":0,"49":0,"50":1,"51":0,"52":0,"53":0,"54":0,"55":0,"56":1,"57":0,"58":0,"59":0,"60":0,"61":0,"62":0,"63":0,"64":0,"65":0,"66":0,"67":0,"68":0,"69":1,"70":0,"71":1,"72":0,"73":0,"74":0,"75":1,"76":0,"77":0,"78":0,"79":0,"80":0,"81":1,"82":8,"83":8,"84":1,"85":0,"86":0,"87":0,"88":1,"89":1,"90":1,"91":1,"92":0,"93":0,"94":0,"95":0,"96":0,"97":0,"98":1,"99":0,"100":0,"101":0,"102":0,"103":0,"104":0,"105":0,"106":0,"107":1,"108":0,"109":1,"110":0,"111":0,"112":0,"113":0,"114":0,"115":0,"116":0,"117":0,"118":0,"119":0,"120":1,"121":1,"122":1,"123":0,"124":0,"125":0,"126":0,"127":0,"128":0,"129":0,"130":0,"131":0,"132":1,"133":1,"134":0,"135":0,"136":0,"137":1,"138":1,"139":1,"140":1,"141":0,"142":0,"143":0,"144":0,"145":0,"146":0,"147":1,"148":0,"149":0,"150":0,"151":0,"152":0,"153":0,"154":1,"155":0,"156":0,"157":0,"158":1,"159":1,"160":1,"161":0,"162":0,"163":0,"164":0,"165":0,"166":1,"167":0,"168":0,"169":0,"170":0,"171":0,"172":0,"173":0,"174":1,"175":1,"176":0,"177":0,"178":0,"179":0,"180":1,"181":1,"182":1,"183":0,"184":0,"185":0,"186":0,"187":0,"188":1,"189":0,"190":0,"191":0,"192":0,"193":0,"194":0,"195":0,"196":0,"197":1,"198":0,"199":0,"200":0,"201":0,"202":1,"203":0,"204":0,"205":0,"206":0,"207":1,"208":0,"209":0,"210":0,"211":0,"212":1,"213":1,"214":0,"215":0,"216":0,"217":0,"218":0,"219":0,"220":0,"221":0,"222":0,"223":0,"224":0,"225":0,"226":0,"227":0,"228":0,"229":1,"230":1,"231":1,"232":1,"233":0,"234":0,"235":0,"236":0,"237":0,"238":0,"239":0,"240":0,"241":0,"242":0,"243":1,"244":0,"245":0,"246":0,"247":0,"248":0,"249":0,"250":1,"251":0,"252":0,"253":0,"254":0,"255":0,"256":0,"257":0,"258":0,"259":0,"260":1,"261":1,"262":0,"263":0,"264":0,"265":0,"266":1,"267":1,"268":1,"269":1,"270":0,"271":0,"272":0,"273":0,"274":1,"275":0,"276":0,"277":0,"278":0,"279":0,"280":0,"281":0,"282":0,"283":0,"284":1,"285":0,"286":0,"287":0,"288":0,"289":0,"290":0,"291":0,"292":0,"293":0,"294":1,"295":0,"296":0,"297":0,"298":0,"299":1,"300":0,"301":0,"302":0,"303":0,"304":1,"305":1,"306":0,"307":0,"308":0,"309":1,"310":1,"311":1,"312":1,"313":0,"314":0,"315":0,"316":0,"317":0,"318":0,"319":1,"320":0,"321":1,"322":0,"323":0,"324":0,"325":0,"326":0,"327":0},"b":{"1":[1,0],"2":[1,0],"3":[1,0],"4":[1,0],"5":[0,0],"6":[0,0],"7":[0,0],"8":[0,0],"9":[0,0],"10":[0,0],"11":[0,0],"12":[0,0,0,0,0],"13":[0,0],"14":[0,0],"15":[0,0],"16":[0,0],"17":[0,0],"18":[0,0],"19":[0,0],"20":[0,0],"21":[0,0],"22":[0,0],"23":[0,0],"24":[0,0],"25":[0,0],"26":[0,0],"27":[0,0],"28":[0,0],"29":[0,0],"30":[0,0],"31":[0,0],"32":[0,0],"33":[0,0],"34":[0,0],"35":[0,0],"36":[0,0],"37":[0,0],"38":[0,0],"39":[0,0],"40":[0,0],"41":[0,0],"42":[0,0],"43":[0,0],"44":[0,0],"45":[0,0],"46":[0,0],"47":[0,0],"48":[0,0],"49":[0,0],"50":[0,0],"51":[0,0]},"f":{"1":0,"2":0,"3":0,"4":0,"5":0,"6":0,"7":0,"8":0,"9":0,"10":0,"11":0,"12":0,"13":0,"14":0,"15":0,"16":0,"17":0,"18":0,"19":0,"20":0,"21":0,"22":0,"23":0,"24":0,"25":0,"26":8,"27":0,"28":0,"29":0,"30":0,"31":0,"32":0,"33":0,"34":0,"35":0,"36":0,"37":0,"38":0,"39":0,"40":0,"41":0,"42":0,"43":0,"44":0,"45":0,"46":0,"47":0,"48":0,"49":0,"50":0,"51":0,"52":0,"53":0,"54":0,"55":0,"56":0,"57":0,"58":0,"59":0,"60":0,"61":0,"62":0,"63":0,"64":0,"65":0,"66":0,"67":0,"68":0,"69":0,"70":0,"71":0,"72":0,"73":0,"74":0,"75":0,"76":0,"77":0,"78":0},"fnMap":{"1":{"name":"bufferify","line":16,"loc":{"start":{"line":16,"column":0},"end":{"line":16,"column":36}}},"2":{"name":"errorLater","line":25,"loc":{"start":{"line":25,"column":0},"end":{"line":25,"column":25}}},"3":{"name":"(anonymous_3)","line":26,"loc":{"start":{"line":26,"column":9},"end":{"line":26,"column":23}}},"4":{"name":"(anonymous_4)","line":27,"loc":{"start":{"line":27,"column":10},"end":{"line":27,"column":21}}},"5":{"name":"ignore","line":33,"loc":{"start":{"line":33,"column":0},"end":{"line":33,"column":18}}},"6":{"name":"Context","line":36,"loc":{"start":{"line":36,"column":0},"end":{"line":36,"column":32}}},"7":{"name":"(anonymous_7)","line":41,"loc":{"start":{"line":41,"column":9},"end":{"line":41,"column":24}}},"8":{"name":"(anonymous_8)","line":43,"loc":{"start":{"line":43,"column":46},"end":{"line":43,"column":59}}},"9":{"name":"(anonymous_9)","line":68,"loc":{"start":{"line":68,"column":27},"end":{"line":68,"column":51}}},"10":{"name":"(anonymous_10)","line":71,"loc":{"start":{"line":71,"column":42},"end":{"line":71,"column":54}}},"11":{"name":"(anonymous_11)","line":79,"loc":{"start":{"line":79,"column":26},"end":{"line":79,"column":45}}},"12":{"name":"(anonymous_12)","line":80,"loc":{"start":{"line":80,"column":24},"end":{"line":80,"column":36}}},"13":{"name":"patch","line":92,"loc":{"start":{"line":92,"column":0},"end":{"line":92,"column":37}}},"14":{"name":"(anonymous_14)","line":93,"loc":{"start":{"line":93,"column":18},"end":{"line":93,"column":35}}},"15":{"name":"(anonymous_15)","line":95,"loc":{"start":{"line":95,"column":21},"end":{"line":95,"column":32}}},"16":{"name":"(anonymous_16)","line":97,"loc":{"start":{"line":97,"column":19},"end":{"line":97,"column":30}}},"17":{"name":"(anonymous_17)","line":98,"loc":{"start":{"line":98,"column":26},"end":{"line":98,"column":43}}},"18":{"name":"Socket","line":110,"loc":{"start":{"line":110,"column":0},"end":{"line":110,"column":32}}},"19":{"name":"(anonymous_19)","line":113,"loc":{"start":{"line":113,"column":25},"end":{"line":113,"column":38}}},"20":{"name":"closeAndInvalidate","line":118,"loc":{"start":{"line":118,"column":2},"end":{"line":118,"column":42}}},"21":{"name":"(anonymous_21)","line":127,"loc":{"start":{"line":127,"column":13},"end":{"line":127,"column":26}}},"22":{"name":"(anonymous_22)","line":136,"loc":{"start":{"line":136,"column":13},"end":{"line":136,"column":24}}},"23":{"name":"close","line":145,"loc":{"start":{"line":145,"column":0},"end":{"line":145,"column":17}}},"24":{"name":"end","line":149,"loc":{"start":{"line":149,"column":0},"end":{"line":149,"column":30}}},"25":{"name":"setsockopt","line":154,"loc":{"start":{"line":154,"column":0},"end":{"line":154,"column":32}}},"26":{"name":"addSocketMethods","line":166,"loc":{"start":{"line":166,"column":0},"end":{"line":166,"column":33}}},"27":{"name":"PubSocket","line":171,"loc":{"start":{"line":171,"column":0},"end":{"line":171,"column":34}}},"28":{"name":"(anonymous_28)","line":180,"loc":{"start":{"line":180,"column":30},"end":{"line":180,"column":62}}},"29":{"name":"(anonymous_29)","line":190,"loc":{"start":{"line":190,"column":12},"end":{"line":190,"column":23}}},"30":{"name":"(anonymous_30)","line":196,"loc":{"start":{"line":196,"column":30},"end":{"line":196,"column":63}}},"31":{"name":"(anonymous_31)","line":202,"loc":{"start":{"line":202,"column":20},"end":{"line":202,"column":35}}},"32":{"name":"(anonymous_32)","line":211,"loc":{"start":{"line":211,"column":28},"end":{"line":211,"column":54}}},"33":{"name":"SubSocket","line":216,"loc":{"start":{"line":216,"column":0},"end":{"line":216,"column":34}}},"34":{"name":"(anonymous_34)","line":222,"loc":{"start":{"line":222,"column":27},"end":{"line":222,"column":40}}},"35":{"name":"(anonymous_35)","line":225,"loc":{"start":{"line":225,"column":12},"end":{"line":225,"column":25}}},"36":{"name":"(anonymous_36)","line":227,"loc":{"start":{"line":227,"column":34},"end":{"line":227,"column":48}}},"37":{"name":"(anonymous_37)","line":232,"loc":{"start":{"line":232,"column":14},"end":{"line":232,"column":25}}},"38":{"name":"(anonymous_38)","line":240,"loc":{"start":{"line":240,"column":30},"end":{"line":240,"column":64}}},"39":{"name":"(anonymous_39)","line":255,"loc":{"start":{"line":255,"column":12},"end":{"line":255,"column":25}}},"40":{"name":"PushSocket","line":271,"loc":{"start":{"line":271,"column":0},"end":{"line":271,"column":35}}},"41":{"name":"(anonymous_41)","line":280,"loc":{"start":{"line":280,"column":31},"end":{"line":280,"column":63}}},"42":{"name":"(anonymous_42)","line":288,"loc":{"start":{"line":288,"column":12},"end":{"line":288,"column":25}}},"43":{"name":"(anonymous_43)","line":294,"loc":{"start":{"line":294,"column":29},"end":{"line":294,"column":55}}},"44":{"name":"PullSocket","line":307,"loc":{"start":{"line":307,"column":0},"end":{"line":307,"column":35}}},"45":{"name":"(anonymous_45)","line":315,"loc":{"start":{"line":315,"column":31},"end":{"line":315,"column":58}}},"46":{"name":"consume","line":322,"loc":{"start":{"line":322,"column":2},"end":{"line":322,"column":21}}},"47":{"name":"(anonymous_47)","line":323,"loc":{"start":{"line":323,"column":23},"end":{"line":323,"column":37}}},"48":{"name":"(anonymous_48)","line":327,"loc":{"start":{"line":327,"column":12},"end":{"line":327,"column":25}}},"49":{"name":"WorkerSocket","line":344,"loc":{"start":{"line":344,"column":0},"end":{"line":344,"column":37}}},"50":{"name":"(anonymous_50)","line":353,"loc":{"start":{"line":353,"column":33},"end":{"line":353,"column":60}}},"51":{"name":"consume","line":360,"loc":{"start":{"line":360,"column":2},"end":{"line":360,"column":21}}},"52":{"name":"(anonymous_52)","line":361,"loc":{"start":{"line":361,"column":30},"end":{"line":361,"column":44}}},"53":{"name":"(anonymous_53)","line":364,"loc":{"start":{"line":364,"column":27},"end":{"line":364,"column":40}}},"54":{"name":"(anonymous_54)","line":378,"loc":{"start":{"line":378,"column":29},"end":{"line":378,"column":40}}},"55":{"name":"(anonymous_55)","line":387,"loc":{"start":{"line":387,"column":33},"end":{"line":387,"column":44}}},"56":{"name":"(anonymous_56)","line":396,"loc":{"start":{"line":396,"column":33},"end":{"line":396,"column":44}}},"57":{"name":"ReqSocket","line":409,"loc":{"start":{"line":409,"column":0},"end":{"line":409,"column":34}}},"58":{"name":"(anonymous_58)","line":417,"loc":{"start":{"line":417,"column":27},"end":{"line":417,"column":40}}},"59":{"name":"(anonymous_59)","line":419,"loc":{"start":{"line":419,"column":12},"end":{"line":419,"column":25}}},"60":{"name":"(anonymous_60)","line":421,"loc":{"start":{"line":421,"column":36},"end":{"line":421,"column":50}}},"61":{"name":"(anonymous_61)","line":428,"loc":{"start":{"line":428,"column":16},"end":{"line":428,"column":27}}},"62":{"name":"(anonymous_62)","line":438,"loc":{"start":{"line":438,"column":34},"end":{"line":438,"column":48}}},"63":{"name":"(anonymous_63)","line":452,"loc":{"start":{"line":452,"column":30},"end":{"line":452,"column":62}}},"64":{"name":"(anonymous_64)","line":461,"loc":{"start":{"line":461,"column":12},"end":{"line":461,"column":25}}},"65":{"name":"(anonymous_65)","line":467,"loc":{"start":{"line":467,"column":28},"end":{"line":467,"column":54}}},"66":{"name":"RepSocket","line":487,"loc":{"start":{"line":487,"column":0},"end":{"line":487,"column":34}}},"67":{"name":"(anonymous_67)","line":497,"loc":{"start":{"line":497,"column":30},"end":{"line":497,"column":57}}},"68":{"name":"consume","line":504,"loc":{"start":{"line":504,"column":2},"end":{"line":504,"column":21}}},"69":{"name":"(anonymous_69)","line":505,"loc":{"start":{"line":505,"column":30},"end":{"line":505,"column":44}}},"70":{"name":"(anonymous_70)","line":511,"loc":{"start":{"line":511,"column":27},"end":{"line":511,"column":40}}},"71":{"name":"(anonymous_71)","line":525,"loc":{"start":{"line":525,"column":28},"end":{"line":525,"column":54}}},"72":{"name":"(anonymous_72)","line":547,"loc":{"start":{"line":547,"column":30},"end":{"line":547,"column":41}}},"73":{"name":"(anonymous_73)","line":557,"loc":{"start":{"line":557,"column":30},"end":{"line":557,"column":41}}},"74":{"name":"TaskSocket","line":573,"loc":{"start":{"line":573,"column":0},"end":{"line":573,"column":35}}},"75":{"name":"(anonymous_75)","line":582,"loc":{"start":{"line":582,"column":31},"end":{"line":582,"column":63}}},"76":{"name":"(anonymous_76)","line":592,"loc":{"start":{"line":592,"column":12},"end":{"line":592,"column":25}}},"77":{"name":"(anonymous_77)","line":598,"loc":{"start":{"line":598,"column":29},"end":{"line":598,"column":55}}},"78":{"name":"(anonymous_78)","line":602,"loc":{"start":{"line":602,"column":28},"end":{"line":602,"column":60}}}},"statementMap":{"1":{"start":{"line":1,"column":0},"end":{"line":1,"column":30}},"2":{"start":{"line":2,"column":0},"end":{"line":2,"column":40}},"3":{"start":{"line":3,"column":0},"end":{"line":3,"column":50}},"4":{"start":{"line":4,"column":0},"end":{"line":4,"column":31}},"5":{"start":{"line":5,"column":0},"end":{"line":5,"column":35}},"6":{"start":{"line":7,"column":0},"end":{"line":7,"column":70}},"7":{"start":{"line":8,"column":0},"end":{"line":8,"column":70}},"8":{"start":{"line":9,"column":0},"end":{"line":9,"column":68}},"9":{"start":{"line":11,"column":0},"end":{"line":11,"column":52}},"10":{"start":{"line":16,"column":0},"end":{"line":20,"column":1}},"11":{"start":{"line":17,"column":2},"end":{"line":19,"column":12}},"12":{"start":{"line":25,"column":0},"end":{"line":31,"column":1}},"13":{"start":{"line":26,"column":2},"end":{"line":30,"column":3}},"14":{"start":{"line":27,"column":4},"end":{"line":29,"column":7}},"15":{"start":{"line":28,"column":6},"end":{"line":28,"column":29}},"16":{"start":{"line":33,"column":0},"end":{"line":33,"column":20}},"17":{"start":{"line":36,"column":0},"end":{"line":48,"column":1}},"18":{"start":{"line":37,"column":2},"end":{"line":37,"column":26}},"19":{"start":{"line":38,"column":2},"end":{"line":38,"column":18}},"20":{"start":{"line":39,"column":2},"end":{"line":39,"column":33}},"21":{"start":{"line":40,"column":2},"end":{"line":40,"column":57}},"22":{"start":{"line":41,"column":2},"end":{"line":46,"column":5}},"23":{"start":{"line":42,"column":4},"end":{"line":42,"column":30}},"24":{"start":{"line":43,"column":4},"end":{"line":45,"column":7}},"25":{"start":{"line":44,"column":6},"end":{"line":44,"column":44}},"26":{"start":{"line":47,"column":2},"end":{"line":47,"column":60}},"27":{"start":{"line":49,"column":0},"end":{"line":49,"column":32}},"28":{"start":{"line":51,"column":0},"end":{"line":64,"column":2}},"29":{"start":{"line":66,"column":0},"end":{"line":66,"column":25}},"30":{"start":{"line":68,"column":0},"end":{"line":77,"column":2}},"31":{"start":{"line":69,"column":2},"end":{"line":69,"column":26}},"32":{"start":{"line":70,"column":2},"end":{"line":76,"column":56}},"33":{"start":{"line":71,"column":4},"end":{"line":73,"column":17}},"34":{"start":{"line":72,"column":6},"end":{"line":72,"column":31}},"35":{"start":{"line":74,"column":4},"end":{"line":74,"column":13}},"36":{"start":{"line":76,"column":7},"end":{"line":76,"column":56}},"37":{"start":{"line":79,"column":0},"end":{"line":83,"column":2}},"38":{"start":{"line":80,"column":2},"end":{"line":82,"column":5}},"39":{"start":{"line":81,"column":4},"end":{"line":81,"column":29}},"40":{"start":{"line":85,"column":0},"end":{"line":85,"column":33}},"41":{"start":{"line":92,"column":0},"end":{"line":104,"column":1}},"42":{"start":{"line":93,"column":2},"end":{"line":103,"column":5}},"43":{"start":{"line":94,"column":4},"end":{"line":102,"column":5}},"44":{"start":{"line":95,"column":6},"end":{"line":101,"column":8}},"45":{"start":{"line":96,"column":8},"end":{"line":96,"column":29}},"46":{"start":{"line":97,"column":8},"end":{"line":100,"column":11}},"47":{"start":{"line":98,"column":10},"end":{"line":98,"column":67}},"48":{"start":{"line":98,"column":44},"end":{"line":98,"column":64}},"49":{"start":{"line":99,"column":10},"end":{"line":99,"column":41}},"50":{"start":{"line":110,"column":0},"end":{"line":143,"column":1}},"51":{"start":{"line":111,"column":2},"end":{"line":111,"column":18}},"52":{"start":{"line":112,"column":2},"end":{"line":112,"column":41}},"53":{"start":{"line":113,"column":2},"end":{"line":113,"column":57}},"54":{"start":{"line":113,"column":40},"end":{"line":113,"column":53}},"55":{"start":{"line":114,"column":2},"end":{"line":116,"column":64}},"56":{"start":{"line":118,"column":2},"end":{"line":121,"column":3}},"57":{"start":{"line":119,"column":4},"end":{"line":119,"column":42}},"58":{"start":{"line":120,"column":4},"end":{"line":120,"column":44}},"59":{"start":{"line":123,"column":2},"end":{"line":123,"column":53}},"60":{"start":{"line":124,"column":2},"end":{"line":124,"column":53}},"61":{"start":{"line":127,"column":2},"end":{"line":132,"column":5}},"62":{"start":{"line":128,"column":4},"end":{"line":128,"column":26}},"63":{"start":{"line":129,"column":4},"end":{"line":129,"column":26}},"64":{"start":{"line":130,"column":4},"end":{"line":130,"column":50}},"65":{"start":{"line":131,"column":4},"end":{"line":131,"column":56}},"66":{"start":{"line":136,"column":2},"end":{"line":140,"column":34}},"67":{"start":{"line":137,"column":4},"end":{"line":139,"column":5}},"68":{"start":{"line":138,"column":6},"end":{"line":138,"column":41}},"69":{"start":{"line":145,"column":0},"end":{"line":147,"column":1}},"70":{"start":{"line":146,"column":2},"end":{"line":146,"column":18}},"71":{"start":{"line":149,"column":0},"end":{"line":152,"column":1}},"72":{"start":{"line":150,"column":2},"end":{"line":150,"column":55}},"73":{"start":{"line":150,"column":27},"end":{"line":150,"column":55}},"74":{"start":{"line":151,"column":2},"end":{"line":151,"column":15}},"75":{"start":{"line":154,"column":0},"end":{"line":164,"column":1}},"76":{"start":{"line":155,"column":2},"end":{"line":163,"column":3}},"77":{"start":{"line":157,"column":4},"end":{"line":157,"column":28}},"78":{"start":{"line":157,"column":29},"end":{"line":157,"column":35}},"79":{"start":{"line":162,"column":4},"end":{"line":162,"column":30}},"80":{"start":{"line":162,"column":31},"end":{"line":162,"column":37}},"81":{"start":{"line":166,"column":0},"end":{"line":169,"column":1}},"82":{"start":{"line":167,"column":2},"end":{"line":167,"column":32}},"83":{"start":{"line":168,"column":2},"end":{"line":168,"column":42}},"84":{"start":{"line":171,"column":0},"end":{"line":175,"column":1}},"85":{"start":{"line":172,"column":2},"end":{"line":172,"column":22}},"86":{"start":{"line":173,"column":2},"end":{"line":173,"column":35}},"87":{"start":{"line":174,"column":2},"end":{"line":174,"column":17}},"88":{"start":{"line":176,"column":0},"end":{"line":176,"column":30}},"89":{"start":{"line":177,"column":0},"end":{"line":177,"column":28}},"90":{"start":{"line":178,"column":0},"end":{"line":178,"column":30}},"91":{"start":{"line":180,"column":0},"end":{"line":194,"column":1}},"92":{"start":{"line":181,"column":2},"end":{"line":181,"column":32}},"93":{"start":{"line":182,"column":2},"end":{"line":193,"column":3}},"94":{"start":{"line":183,"column":4},"end":{"line":183,"column":32}},"95":{"start":{"line":184,"column":4},"end":{"line":184,"column":20}},"96":{"start":{"line":187,"column":4},"end":{"line":192,"column":24}},"97":{"start":{"line":191,"column":8},"end":{"line":191,"column":36}},"98":{"start":{"line":196,"column":0},"end":{"line":209,"column":2}},"99":{"start":{"line":197,"column":2},"end":{"line":197,"column":19}},"100":{"start":{"line":198,"column":2},"end":{"line":198,"column":47}},"101":{"start":{"line":198,"column":14},"end":{"line":198,"column":47}},"102":{"start":{"line":199,"column":2},"end":{"line":200,"column":54}},"103":{"start":{"line":201,"column":2},"end":{"line":201,"column":21}},"104":{"start":{"line":202,"column":2},"end":{"line":207,"column":5}},"105":{"start":{"line":203,"column":4},"end":{"line":206,"column":26}},"106":{"start":{"line":208,"column":2},"end":{"line":208,"column":17}},"107":{"start":{"line":211,"column":0},"end":{"line":213,"column":2}},"108":{"start":{"line":212,"column":2},"end":{"line":212,"column":46}},"109":{"start":{"line":216,"column":0},"end":{"line":236,"column":1}},"110":{"start":{"line":217,"column":2},"end":{"line":217,"column":42}},"111":{"start":{"line":219,"column":2},"end":{"line":219,"column":37}},"112":{"start":{"line":220,"column":2},"end":{"line":220,"column":18}},"113":{"start":{"line":222,"column":2},"end":{"line":234,"column":5}},"114":{"start":{"line":223,"column":4},"end":{"line":233,"column":7}},"115":{"start":{"line":226,"column":6},"end":{"line":226,"column":28}},"116":{"start":{"line":227,"column":6},"end":{"line":232,"column":41}},"117":{"start":{"line":230,"column":8},"end":{"line":230,"column":38}},"118":{"start":{"line":232,"column":27},"end":{"line":232,"column":37}},"119":{"start":{"line":235,"column":2},"end":{"line":235,"column":33}},"120":{"start":{"line":237,"column":0},"end":{"line":237,"column":30}},"121":{"start":{"line":238,"column":0},"end":{"line":238,"column":28}},"122":{"start":{"line":240,"column":0},"end":{"line":260,"column":2}},"123":{"start":{"line":242,"column":2},"end":{"line":244,"column":29}},"124":{"start":{"line":243,"column":4},"end":{"line":243,"column":21}},"125":{"start":{"line":243,"column":22},"end":{"line":243,"column":33}},"126":{"start":{"line":244,"column":9},"end":{"line":244,"column":29}},"127":{"start":{"line":246,"column":2},"end":{"line":246,"column":52}},"128":{"start":{"line":247,"column":2},"end":{"line":259,"column":3}},"129":{"start":{"line":248,"column":4},"end":{"line":249,"column":22}},"130":{"start":{"line":252,"column":4},"end":{"line":258,"column":22}},"131":{"start":{"line":256,"column":8},"end":{"line":256,"column":50}},"132":{"start":{"line":268,"column":0},"end":{"line":268,"column":35}},"133":{"start":{"line":271,"column":0},"end":{"line":275,"column":1}},"134":{"start":{"line":272,"column":2},"end":{"line":272,"column":22}},"135":{"start":{"line":273,"column":2},"end":{"line":273,"column":35}},"136":{"start":{"line":274,"column":2},"end":{"line":274,"column":19}},"137":{"start":{"line":276,"column":0},"end":{"line":276,"column":31}},"138":{"start":{"line":277,"column":0},"end":{"line":277,"column":29}},"139":{"start":{"line":278,"column":0},"end":{"line":278,"column":31}},"140":{"start":{"line":280,"column":0},"end":{"line":292,"column":2}},"141":{"start":{"line":281,"column":2},"end":{"line":281,"column":32}},"142":{"start":{"line":282,"column":2},"end":{"line":291,"column":3}},"143":{"start":{"line":283,"column":4},"end":{"line":283,"column":34}},"144":{"start":{"line":284,"column":4},"end":{"line":284,"column":20}},"145":{"start":{"line":287,"column":4},"end":{"line":290,"column":24}},"146":{"start":{"line":289,"column":8},"end":{"line":289,"column":38}},"147":{"start":{"line":294,"column":0},"end":{"line":304,"column":2}},"148":{"start":{"line":295,"column":2},"end":{"line":295,"column":34}},"149":{"start":{"line":296,"column":2},"end":{"line":303,"column":19}},"150":{"start":{"line":297,"column":4},"end":{"line":297,"column":28}},"151":{"start":{"line":298,"column":4},"end":{"line":299,"column":56}},"152":{"start":{"line":300,"column":4},"end":{"line":301,"column":68}},"153":{"start":{"line":303,"column":7},"end":{"line":303,"column":19}},"154":{"start":{"line":307,"column":0},"end":{"line":311,"column":1}},"155":{"start":{"line":308,"column":2},"end":{"line":308,"column":42}},"156":{"start":{"line":309,"column":2},"end":{"line":309,"column":35}},"157":{"start":{"line":310,"column":2},"end":{"line":310,"column":22}},"158":{"start":{"line":312,"column":0},"end":{"line":312,"column":31}},"159":{"start":{"line":313,"column":0},"end":{"line":313,"column":29}},"160":{"start":{"line":315,"column":0},"end":{"line":340,"column":2}},"161":{"start":{"line":316,"column":2},"end":{"line":316,"column":32}},"162":{"start":{"line":318,"column":2},"end":{"line":320,"column":3}},"163":{"start":{"line":319,"column":4},"end":{"line":319,"column":34}},"164":{"start":{"line":319,"column":18},"end":{"line":319,"column":34}},"165":{"start":{"line":319,"column":35},"end":{"line":319,"column":42}},"166":{"start":{"line":322,"column":2},"end":{"line":331,"column":3}},"167":{"start":{"line":323,"column":4},"end":{"line":330,"column":22}},"168":{"start":{"line":324,"column":6},"end":{"line":324,"column":36}},"169":{"start":{"line":325,"column":6},"end":{"line":325,"column":18}},"170":{"start":{"line":328,"column":8},"end":{"line":328,"column":48}},"171":{"start":{"line":333,"column":2},"end":{"line":339,"column":3}},"172":{"start":{"line":334,"column":4},"end":{"line":334,"column":14}},"173":{"start":{"line":337,"column":4},"end":{"line":338,"column":21}},"174":{"start":{"line":342,"column":0},"end":{"line":342,"column":36}},"175":{"start":{"line":344,"column":0},"end":{"line":349,"column":1}},"176":{"start":{"line":345,"column":2},"end":{"line":345,"column":42}},"177":{"start":{"line":346,"column":2},"end":{"line":346,"column":35}},"178":{"start":{"line":347,"column":2},"end":{"line":347,"column":22}},"179":{"start":{"line":348,"column":2},"end":{"line":348,"column":20}},"180":{"start":{"line":350,"column":0},"end":{"line":350,"column":33}},"181":{"start":{"line":351,"column":0},"end":{"line":351,"column":31}},"182":{"start":{"line":353,"column":0},"end":{"line":376,"column":2}},"183":{"start":{"line":354,"column":2},"end":{"line":354,"column":32}},"184":{"start":{"line":356,"column":2},"end":{"line":358,"column":3}},"185":{"start":{"line":357,"column":4},"end":{"line":357,"column":34}},"186":{"start":{"line":357,"column":18},"end":{"line":357,"column":34}},"187":{"start":{"line":357,"column":35},"end":{"line":357,"column":42}},"188":{"start":{"line":360,"column":2},"end":{"line":367,"column":3}},"189":{"start":{"line":361,"column":4},"end":{"line":366,"column":22}},"190":{"start":{"line":362,"column":6},"end":{"line":362,"column":38}},"191":{"start":{"line":362,"column":15},"end":{"line":362,"column":38}},"192":{"start":{"line":363,"column":6},"end":{"line":363,"column":36}},"193":{"start":{"line":365,"column":6},"end":{"line":365,"column":46}},"194":{"start":{"line":369,"column":2},"end":{"line":375,"column":3}},"195":{"start":{"line":370,"column":4},"end":{"line":370,"column":14}},"196":{"start":{"line":373,"column":4},"end":{"line":374,"column":21}},"197":{"start":{"line":378,"column":0},"end":{"line":384,"column":2}},"198":{"start":{"line":379,"column":2},"end":{"line":379,"column":33}},"199":{"start":{"line":380,"column":2},"end":{"line":382,"column":3}},"200":{"start":{"line":381,"column":4},"end":{"line":381,"column":66}},"201":{"start":{"line":383,"column":2},"end":{"line":383,"column":19}},"202":{"start":{"line":387,"column":0},"end":{"line":393,"column":2}},"203":{"start":{"line":388,"column":4},"end":{"line":388,"column":35}},"204":{"start":{"line":389,"column":4},"end":{"line":391,"column":5}},"205":{"start":{"line":390,"column":8},"end":{"line":390,"column":74}},"206":{"start":{"line":392,"column":4},"end":{"line":392,"column":24}},"207":{"start":{"line":396,"column":0},"end":{"line":403,"column":2}},"208":{"start":{"line":397,"column":4},"end":{"line":397,"column":35}},"209":{"start":{"line":398,"column":4},"end":{"line":400,"column":5}},"210":{"start":{"line":399,"column":8},"end":{"line":399,"column":74}},"211":{"start":{"line":402,"column":4},"end":{"line":402,"column":31}},"212":{"start":{"line":406,"column":0},"end":{"line":406,"column":38}},"213":{"start":{"line":409,"column":0},"end":{"line":433,"column":1}},"214":{"start":{"line":410,"column":2},"end":{"line":410,"column":39}},"215":{"start":{"line":411,"column":2},"end":{"line":411,"column":19}},"216":{"start":{"line":412,"column":2},"end":{"line":412,"column":21}},"217":{"start":{"line":413,"column":2},"end":{"line":413,"column":21}},"218":{"start":{"line":415,"column":2},"end":{"line":415,"column":18}},"219":{"start":{"line":417,"column":2},"end":{"line":430,"column":5}},"220":{"start":{"line":418,"column":4},"end":{"line":429,"column":9}},"221":{"start":{"line":420,"column":8},"end":{"line":420,"column":31}},"222":{"start":{"line":421,"column":8},"end":{"line":428,"column":43}},"223":{"start":{"line":422,"column":10},"end":{"line":426,"column":31}},"224":{"start":{"line":423,"column":12},"end":{"line":423,"column":34}},"225":{"start":{"line":424,"column":12},"end":{"line":424,"column":24}},"226":{"start":{"line":426,"column":15},"end":{"line":426,"column":31}},"227":{"start":{"line":428,"column":29},"end":{"line":428,"column":39}},"228":{"start":{"line":432,"column":2},"end":{"line":432,"column":33}},"229":{"start":{"line":434,"column":0},"end":{"line":434,"column":28}},"230":{"start":{"line":435,"column":0},"end":{"line":435,"column":28}},"231":{"start":{"line":436,"column":0},"end":{"line":436,"column":30}},"232":{"start":{"line":438,"column":0},"end":{"line":450,"column":2}},"233":{"start":{"line":439,"column":2},"end":{"line":439,"column":41}},"234":{"start":{"line":440,"column":2},"end":{"line":444,"column":3}},"235":{"start":{"line":441,"column":4},"end":{"line":443,"column":5}},"236":{"start":{"line":442,"column":6},"end":{"line":442,"column":44}},"237":{"start":{"line":445,"column":2},"end":{"line":445,"column":10}},"2
[...]
e-stream/readable');","var Writable = Stream.Writable || require('readable-stream/writable');","var Duplex   = Stream.Duplex   || require('readable-stream/duplex');","","var delay = global.setImmediate || process.nextTick;","","// Do the tedious string-or-buffer conversion. If I was using byte","// streams, this would be done automatically; however I'm using","// streams in object mode.","function bufferify(chunk, encoding) {","  return (typeof chunk === 'string')","    ? new Buffer(chunk, encoding || 'utf8')","    : chunk;","}","","// To avoid errors being swallowed by the promise machinery, I provide","// an error continuation that will emit the error outside the dynamic","// extent of the promise.","function errorLater(obj) {","  return function(err) {","    delay(function() {","      obj.emit('error', err);","    });","  }","}","","function ignore() {} // for stubbing out methods I don't care about;","                     // i.e., _read","","function Context(url, connOpts) {","  EventEmitter.call(this);","  var self = this;","  var onError = errorLater(this);","  var c = this._connection = amqp.connect(url, connOpts);","  c.then(function(conn) {","    conn.on('error', onError);","    ['close', 'blocked', 'unblocked'].forEach(function(ev) {","      conn.on(ev, self.emit.bind(self, ev));","    });","  });","  c.then(this.emit.bind(this, 'ready')).then(null, onError);","};","inherits(Context, EventEmitter);","","var SOCKETS = {","  PUB: PubSocket,","  PUBLISH: PubSocket,","  SUB: SubSocket,","  SUBSCRIBE: SubSocket,","  PUSH: PushSocket,","  PULL: PullSocket,","  REQ: ReqSocket,","  REQUEST: ReqSocket,","  REP: RepSocket,","  REPLY: RepSocket,","  TASK: TaskSocket,","  WORKER: WorkerSocket","};","","module.exports = SOCKETS;","","Context.prototype.socket = function(type, options) {","  var Ctr = SOCKETS[type];","  if (Ctr) {","    var s = new Ctr(this._connection.then(function(c) {","      return c.createChannel();","    }), options);","    return s;","  }","  else throw new Error('Undefined socket type ' + type);","};","","Context.prototype.close = function(callback) {","  this._connection.then(function(c) {","    c.close().then(callback);","  });","};","","module.exports.Context = Context;","","// Because we may have to wait on the channel being opened (and other","// things), each method dependent on the channel is patched to one","// that synchronises on `ready` then unpatches all of the methods (and","// calls the unpatched version). The methods must all be unpatched in","// the same tick, so that they don't get re-ordered.","function patch(self, ready, methods) {","  methods.forEach(function(method) {","    if (self[method] && !self.hasOwnProperty(method)) {","      self[method] = function() {","        var args = arguments;","        ready.then(function() {","          methods.forEach(function(method) {delete self[method];});","          self[method].apply(self, args);","        });","      };","    }","  });","}","","// This is a pseudo-constructor, in that I only ever use it to","// initialise things in other constructors, to get a kind of multiple","// inheritence. The methods are transplanted to each prototype with","// `addSocketMethods`.","function Socket(setup, options) {","  var self = this;","  this.options = options = options || {};","  var ready = setup.then(function(ch) { self.ch = ch; });","  patch(self, ready,","        ['close', 'write', 'end', 'connect',","         'setsockopt', 'ack', 'requeue', 'discard', 'publish']);","","  function closeAndInvalidate(event, err) {","    this.readable = this.writable = false;","    delay(this.emit.bind(this, event, err));","  }","","  var close = closeAndInvalidate.bind(this, 'close');","  var error = closeAndInvalidate.bind(this, 'error');","","  // Relay these events from the channel","  setup.then(function(ch) {","    ch.on('close', close);","    ch.on('error', error);","    ch.on('drain', self.emit.bind(self, 'drain'));","    ch.on('readable', self.emit.bind(self, 'readable'));","  });","","  // Apply any options we've been given, in case they have immediate","  // effects rather than just being consulted (e.g., prefetch).","  ready.then(function() {","    for (var opt in options) {","      self.setsockopt(opt, options[opt]);","    }","  }).then(null, errorLater(this));","  // ^ pick up any setup or setsockopt error and reraise it as an","  // error event","}","","function close() {","  this.ch.close();","}","","function end(chunk, encoding) {","  if (chunk !== undefined) this.write(chunk, encoding);","  this.close();","}","","function setsockopt(opt, value) {","  switch (opt) {","  case 'prefetch':","    this.ch.prefetch(value); break;","  case 'expiration':","  case 'persistent':","  case 'topic':","  case 'task':","    this.options[opt] = value; break;","  }","}","","function addSocketMethods(Class) {","  Class.prototype.close = close;","  Class.prototype.setsockopt = setsockopt;","}","","function PubSocket(channel, opts) {","  Writable.call(this);","  Socket.call(this, channel, opts);","  this.pubs = [];","}","inherits(PubSocket, Writable);","addSocketMethods(PubSocket);","PubSocket.prototype.end = end;","","PubSocket.prototype.connect = function(destination, callback) {","  var self = this, ch = this.ch;","  if (this.options.noCreate) {","    self.pubs.push(destination);","    delay(callback);","  }","  else {","    ch.assertExchange(destination,","                      this.options.routing || 'fanout',","                      {durable: false, autoDelete: false})","      .then(function() {","        self.pubs.push(destination);","      }).then(callback);","  };","}","","PubSocket.prototype.publish = function(topic, chunk, encoding) {","  var ch = this.ch;","  if (!topic) topic = this.options.topic || '';","  var options = {expiration: this.options.expiration,","                 persistent: this.options.persistent};","  var allpubs = true;","  this.pubs.forEach(function(dest) {","    allpubs = allpubs &&","      ch.publish(dest, topic,","                 bufferify(chunk, encoding),","                 options);","  });","  return allpubs;","};","","PubSocket.prototype.write = function(chunk, encoding) {","  return this.publish(false, chunk, encoding);","};","","","function SubSocket(channel, opts) {","  Readable.call(this, {objectMode: true});","","  this.subs = [], this.patterns = [];","  var self = this;","","  var setup = channel.then(function(ch) {","    return ch.assertQueue('', {","      exclusive: true, autoDelete: true","    }).then(function(ok) {","      self.queue = ok.queue; // for inspection","      return ch.consume(ok.queue, function(msg) {","        // if msg is null, this indicates a cancel, i.e., end of","        // stream. Pushing such a null tells the stream to emit 'end'.","        self.push(msg && msg.content);","      }, {noAck:true, exclusive:true})","        .then(function() { return ch; });","    });","  });","  Socket.call(this, setup, opts);","}","inherits(SubSocket, Readable);","addSocketMethods(SubSocket);","","SubSocket.prototype.connect = function(source, topic, callback) {","  // Support the general form of connect","  if (callback === undefined && typeof topic === 'function') {","    callback = topic; topic = '';","  } else topic = topic || '';","","  var ch = this.ch, queue = this.queue, self = this;","  if (this.options.noCreate) {","    ch.bindQueue(queue, source, topic)","      .then(callback);","  }","  else {","    ch.assertExchange(source,","                      this.options.routing || 'fanout',","                      {durable: false, autoDelete: false})","      .then(function(ok) {","        return ch.bindQueue(queue, source, topic);","      })","      .then(callback);","  }","};","","// AMQP and the stream API don't really work well together here. I'm","// supposed to initiate reads when this method is called, then not","// push any more once I get `false` back from `#push`; but how do I do","// that with AMQP? (I guess I could use channel.flow, but that seems","// rather overwrought; or, I could use prefetch and start/stop","// acknowledging messages).","SubSocket.prototype._read = ignore;","","","function PushSocket(channel, opts) {","  Writable.call(this);","  Socket.call(this, channel, opts);","  this.queues = [];","}","inherits(PushSocket, Writable);","addSocketMethods(PushSocket);","PushSocket.prototype.end = end;","","PushSocket.prototype.connect = function(destination, callback) {","  var self = this, ch = this.ch;","  if (this.options.noCreate) {","    self.queues.push(destination);","    delay(callback);","  }","  else {","    ch.assertQueue(destination, {durable: this.options.persistent})","      .then(function(ok) {","        self.queues.push(destination);","      }).then(callback);","  }","};","","PushSocket.prototype.write = function(chunk, encoding) {","  var queue = this.queues.shift();","  if (queue !== undefined) {","    this.queues.push(queue);","    var options = {expiration: this.options.expiration,","                   persistent: this.options.persistent};","    return this.ch.sendToQueue(queue,","                               bufferify(chunk, encoding), options);","  }","  else return true;","};","","","function PullSocket(channel, opts) {","  Readable.call(this, {objectMode: true});","  Socket.call(this, channel, opts);","  this.consumers = {};","}","inherits(PullSocket, Readable);","addSocketMethods(PullSocket);","","PullSocket.prototype.connect = function(source, callback) {","  var self = this, ch = this.ch;","","  if (this.consumers[source]) {","    if (callback) delay(callback); return;","  }","","  function consume() {","    ch.consume(source, function(msg) {","      self.push(msg && msg.content);","      ch.ack(msg);","    }, {noAck:false})","      .then(function(ok) {","        self.consumers[source] = ok.consumerTag;","      })","      .then(callback);","  }","","  if (this.options.noCreate) {","    consume();","  }","  else {","    ch.assertQueue(source, {durable: this.options.persistent})","      .then(consume);","  }","};","","PullSocket.prototype._read = ignore;","","function WorkerSocket(channel, opts) {","  Readable.call(this, {objectMode: true});","  Socket.call(this, channel, opts);","  this.consumers = {};","  this.unacked = [];","}","inherits(WorkerSocket, Readable);","addSocketMethods(WorkerSocket);","","WorkerSocket.prototype.connect = function(source, callback) {","  var self = this, ch = this.ch;","","  if (this.consumers[source]) {","    if (callback) delay(callback); return;","  }","","  function consume() {","    return ch.consume(source, function(msg) {","      if (msg) self.unacked.push(msg);","      self.push(msg && msg.content);","    }, {noAck:false}).then(function(ok) {","      self.consumers[source] = ok.consumerTag;","    }).then(callback);","  }","","  if (this.options.noCreate) {","    consume();","  }","  else {","    ch.assertQueue(source, {durable: this.options.persistent})","      .then(consume);","  }","};","","WorkerSocket.prototype.ack = function() {","  var msg = this.unacked.shift();","  if (!msg) {","    throw new Error(\"ack called with no unacknowledged messages\");","  }","  this.ch.ack(msg);","};","","","WorkerSocket.prototype.requeue = function() {","    var msg = this.unacked.shift();","    if (!msg) {","        throw new Error(\"requeue called with no unacknowledged messages\");","    }","    this.ch.reject(msg);","};","","","WorkerSocket.prototype.discard = function() {","    var msg = this.unacked.shift();","    if (!msg) {","        throw new Error(\"discard called with no unacknowledged messages\");","    }","","    this.ch.reject(msg, false);","};","","","WorkerSocket.prototype._read = ignore;","","","function ReqSocket(channel, opts) {","  Duplex.call(this, {objectMode:true});","  this.queues = [];","  this.awaiting = [];","  this.replyQ = null;","","  var self = this;","","  var setup = channel.then(function(ch) {","    return ch.assertQueue('', {exclusive:true, autoDelete:true})","      .then(function(ok) {","        self.replyQ = ok.queue;","        return ch.consume(ok.queue, function(msg) {","          if (msg !== null) {","            self.handleReply(msg);","            ch.ack(msg);","          }","          else self.push(null);","        }, {noAck:false, exclusive: true})","          .then(function() { return ch; });","      });","  });","","  Socket.call(this, setup, opts);","}","inherits(ReqSocket, Duplex);","addSocketMethods(ReqSocket);","ReqSocket.prototype.end = end;","","ReqSocket.prototype.handleReply = function(msg) {","  var cid = msg.properties.correlationId;","  for (var i = 0; i < this.awaiting.length; i++) {","    if (cid === this.awaiting[i].correlationId) {","      this.awaiting[i].answer = msg.content;","    }","  }","  var lwm; while (lwm = this.awaiting[0]) {","    if (lwm.answer !== null) this.push(lwm.answer);","    else break;","    this.awaiting.shift();","  }","};","","ReqSocket.prototype.connect = function(destination, callback) {","  var self = this, ch = this.ch;","","  if (this.options.noCreate) {","      self.queues.push(ok.queue);","    delay(callback);","  }","  else {","    ch.assertQueue(destination, {durable: this.options.persistent})","      .then(function(ok) {","        self.queues.push(ok.queue);","      }).then(callback);","  }","};","","ReqSocket.prototype.write = function(chunk, encoding) {","  var ch = this.ch, reply = this.replyQ;","","  var queue = this.queues.shift();","  if (queue) {","    this.queues.push(queue);","    var corrId = guid();","    this.awaiting.push({correlationId: corrId, answer: null});","    var options = {replyTo: reply, deliveryMode: true,","                   correlationId: corrId,","                   expiration: this.options.expiration,","                   persistent: this.options.persistent};","    return ch.sendToQueue(queue, bufferify(chunk, encoding), options);","  }","  else return true;","};","","ReqSocket.prototype._read = ignore;","","","function RepSocket(channel, opts) {","  Duplex.call(this, {objectMode: true});","  Socket.call(this, channel, opts);","  this.requests = [];","  this.consumers = {};","}","inherits(RepSocket, Duplex);","addSocketMethods(RepSocket);","RepSocket.prototype.end = end;","","RepSocket.prototype.connect = function(source, callback) {","  var self = this, ch = this.ch;","","  if (this.consumers[source]) {","    delay(callback); return;","  }","","  function consume() {","    return ch.consume(source, function(msg) {","      if (msg !== null) {","        self.requests.push(msg);","        self.push(msg.content);","      }","      else self.push(null);","    }, {noAck:false}).then(function(ok) {","      self.consumers[source] = ok.consumerTag;","    }).then(callback);","  }","","  if (this.options.noCreate) {","    consume();","  }","  else {","    ch.assertQueue(source, {durable: this.options.persistent})","      .then(consume);","  }","};","","RepSocket.prototype.write = function(chunk, encoding) {","  var ch = this.ch, current = this.requests.shift();","","  if (!current)","    throw new Error('Write with no pending request');","","  var replyTo = current.properties.replyTo;","  var cid = current.properties.correlationId;","  // Replies are never persistent, because the queue disappears with","  // its socket.","  var options = {","    deliveryMode: true,","    expiration: this.options.expiration,","    correlationId: cid","  };","  var res = ch.sendToQueue(replyTo, bufferify(chunk, encoding),","                           options);","  ch.ack(current);","  return res;","};","","","RepSocket.prototype.requeue = function() {","    var ch = this.ch, current = this.requests.shift();","","    if (!current)","        throw new Error('Requeue with no pending request');","","    ch.reject(current);","};","","","RepSocket.prototype.discard = function() {","    var ch = this.ch, current = this.requests.shift();","","    if (!current)","        throw new Error('Discard with no pending request');","","    ch.reject(current, false);","};","","","RepSocket.prototype._read = ignore;","","// A task socket requires you to say which kinds of task you will","// send, then lets you send to any one of them. This is like a PUSH","// socket but instead of it round-robining among its connections, you","// pick one each time (or set it for a few messages with a sockopt).","function TaskSocket(channel, opts) {","  Writable.call(this);","  Socket.call(this, channel, opts);","  this.queues = [];","}","inherits(TaskSocket, Writable);","addSocketMethods(TaskSocket);","TaskSocket.prototype.end = end;","","TaskSocket.prototype.connect = function(destination, callback) {","  var queues = this.queues;","","  if (this.options.noCreate) {","    queues.push(destination);","    delay(callback);","  }","  else {","    this.ch.assertQueue(destination,","                        {durable: this.options.persistent})","      .then(function(ok) {","        queues.push(destination);","      }).then(callback);","  }","};","","TaskSocket.prototype.write = function(chunk, encoding) {","  return this.post(false, chunk, encoding);","};","","TaskSocket.prototype.post = function(task, chunk, encoding) {","  if (!task) task = this.options.task;","  if (this.queues.indexOf(task) === -1)","    throw new Error('Task \"' + task + '\" not connected');","  var options = {expiration: this.options.expiration,","                 persistent: this.options.persistent};","  return this.ch.sendToQueue(task, bufferify(chunk, encoding),","                             options);","};",""],"l":{"1":1,"2":1,"3":1,"4":1,"5":1,"7":1,"8":1,"9":1,"11":1,"16":1,"17":0,"25":1,"26":0,"27":0,"28":0,"33":1,"36":1,"37":0,"38":0,"39":0,"40":0,"41":0,"42":0,"43":0,"44":0,"47":0,"49":1,"51":1,"66":1,"68":1,"69":0,"70":0,"71":0,"72":0,"74":0,"76":0,"79":1,"80":0,"81":0,"85":1,"92":1,"93":0,"94":0,"95":0,"96":0,"97":0,"98":0,"99":0,"110":1,"111":0,"112":0,"113":0,"114":0,"118":1,"119":0,"120":0,"123":0,"124":0,"127":0,"128":0,"129":0,"130":0,"131":0,"136":0,"137":0,"138":0,"145":1,"146":0,"149":1,"150":0,"151":0,"154":1,"155":0,"157":0,"162":0,"166":1,"167":8,"168":8,"171":1,"172":0,"173":0,"174":0,"176":1,"177":1,"178":1,"180":1,"181":0,"182":0,"183":0,"184":0,"187":0,"191":0,"196":1,"197":0,"198":0,"199":0,"201":0,"202":0,"203":0,"208":0,"211":1,"212":0,"216":1,"217":0,"219":0,"220":0,"222":0,"223":0,"226":0,"227":0,"230":0,"232":0,"235":0,"237":1,"238":1,"240":1,"242":0,"243":0,"244":0,"246":0,"247":0,"248":0,"252":0,"256":0,"268":1,"271":1,"272":0,"273":0,"274":0,"276":1,"277":1,"278":1,"280":1,"281":0,"282":0,"283":0,"284":0,"287":0,"289":0,"294":1,"295":0,"296":0,"297":0,"298":0,"300":0,"303":0,"307":1,"308":0,"309":0,"310":0,"312":1,"313":1,"315":1,"316":0,"318":0,"319":0,"322":1,"323":0,"324":0,"325":0,"328":0,"333":0,"334":0,"337":0,"342":1,"344":1,"345":0,"346":0,"347":0,"348":0,"350":1,"351":1,"353":1,"354":0,"356":0,"357":0,"360":1,"361":0,"362":0,"363":0,"365":0,"369":0,"370":0,"373":0,"378":1,"379":0,"380":0,"381":0,"383":0,"387":1,"388":0,"389":0,"390":0,"392":0,"396":1,"397":0,"398":0,"399":0,"402":0,"406":1,"409":1,"410":0,"411":0,"412":0,"413":0,"415":0,"417":0,"418":0,"420":0,"421":0,"422":0,"423":0,"424":0,"426":0,"428":0,"432":0,"434":1,"435":1,"436":1,"438":1,"439":0,"440":0,"441":0,"442":0,"445":0,"446":0,"447":0,"448":0,"452":1,"453":0,"455":0,"456":0,"457":0,"460":0,"462":0,"467":1,"468":0,"470":0,"471":0,"472":0,"473":0,"474":0,"475":0,"479":0,"481":0,"484":1,"487":1,"488":0,"489":0,"490":0,"491":0,"493":1,"494":1,"495":1,"497":1,"498":0,"500":0,"501":0,"504":1,"505":0,"506":0,"507":0,"508":0,"510":0,"512":0,"516":0,"517":0,"520":0,"525":1,"526":0,"528":0,"529":0,"531":0,"532":0,"535":0,"540":0,"542":0,"543":0,"547":1,"548":0,"550":0,"551":0,"553":0,"557":1,"558":0,"560":0,"561":0,"563":0,"567":1,"573":1,"574":0,"575":0,"576":0,"578":1,"579":1,"580":1,"582":1,"583":0,"585":0,"586":0,"587":0,"590":0,"593":0,"598":1,"599":0,"602":1,"603":0,"604":0,"605":0,"606":0,"608":0}}}